Eindsymbolen die niet gebruikt worden in de grammatica

   S_OR


Grammatica

    0 $accept: main $end

    1 main: PR S_LEQ DOUBLE LPAREN expr RPAREN

    2 expr: expr S_AND expr
    3     | S_NEG expr
    4     | expr S_UNTIL LCOLON DOUBLE COMMA DOUBLE RCOLON expr
    5     | atomdisexpr
    6     | atomcontexpr

    7 atomdisexpr: S_DISCRETE LPAREN VARIABLE S_EQUALS DOUBLE RPAREN

    8 atomcontexpr: S_FLUID LPAREN VARIABLE S_LEQ DOUBLE RPAREN


Eindsymbolen, met de regels waarin ze voorkomen

$end (0) 0
error (256)
DOUBLE (258) 1 4 7 8
VARIABLE (259) 7 8
PR (260) 1
S_LEQ (261) 1 8
LPAREN (262) 1 7 8
RPAREN (263) 1 7 8
S_NEG (264) 3
S_AND (265) 2
S_UNTIL (266) 4
LCOLON (267) 4
RCOLON (268) 4
COMMA (269) 4
S_FLUID (270) 8
S_DISCRETE (271) 7
S_EQUALS (272) 7
S_OR (273)


Niet-eindsymbolen, met de regels waarin ze voorkomen

$accept (19)
    links: 0
main (20)
    links: 1, rechts: 0
expr (21)
    links: 2 3 4 5 6, rechts: 1 2 3 4
atomdisexpr (22)
    links: 7, rechts: 5
atomcontexpr (23)
    links: 8, rechts: 6


toestand 0

    0 $accept: . main $end

    PR  shift, en ga naar staat 1

    main  ga naar toestand 2


toestand 1

    1 main: PR . S_LEQ DOUBLE LPAREN expr RPAREN

    S_LEQ  shift, en ga naar staat 3


toestand 2

    0 $accept: main . $end

    $end  shift, en ga naar staat 4


toestand 3

    1 main: PR S_LEQ . DOUBLE LPAREN expr RPAREN

    DOUBLE  shift, en ga naar staat 5


toestand 4

    0 $accept: main $end .

    $standaard  accepteer


toestand 5

    1 main: PR S_LEQ DOUBLE . LPAREN expr RPAREN

    LPAREN  shift, en ga naar staat 6


toestand 6

    1 main: PR S_LEQ DOUBLE LPAREN . expr RPAREN

    S_NEG       shift, en ga naar staat 7
    S_FLUID     shift, en ga naar staat 8
    S_DISCRETE  shift, en ga naar staat 9

    expr          ga naar toestand 10
    atomdisexpr   ga naar toestand 11
    atomcontexpr  ga naar toestand 12


toestand 7

    3 expr: S_NEG . expr

    S_NEG       shift, en ga naar staat 7
    S_FLUID     shift, en ga naar staat 8
    S_DISCRETE  shift, en ga naar staat 9

    expr          ga naar toestand 13
    atomdisexpr   ga naar toestand 11
    atomcontexpr  ga naar toestand 12


toestand 8

    8 atomcontexpr: S_FLUID . LPAREN VARIABLE S_LEQ DOUBLE RPAREN

    LPAREN  shift, en ga naar staat 14


toestand 9

    7 atomdisexpr: S_DISCRETE . LPAREN VARIABLE S_EQUALS DOUBLE RPAREN

    LPAREN  shift, en ga naar staat 15


toestand 10

    1 main: PR S_LEQ DOUBLE LPAREN expr . RPAREN
    2 expr: expr . S_AND expr
    4     | expr . S_UNTIL LCOLON DOUBLE COMMA DOUBLE RCOLON expr

    RPAREN   shift, en ga naar staat 16
    S_AND    shift, en ga naar staat 17
    S_UNTIL  shift, en ga naar staat 18


toestand 11

    5 expr: atomdisexpr .

    $standaard  reduceren via regel 5 (expr)


toestand 12

    6 expr: atomcontexpr .

    $standaard  reduceren via regel 6 (expr)


toestand 13

    2 expr: expr . S_AND expr
    3     | S_NEG expr .
    4     | expr . S_UNTIL LCOLON DOUBLE COMMA DOUBLE RCOLON expr

    S_AND    shift, en ga naar staat 17
    S_UNTIL  shift, en ga naar staat 18

    $standaard  reduceren via regel 3 (expr)


toestand 14

    8 atomcontexpr: S_FLUID LPAREN . VARIABLE S_LEQ DOUBLE RPAREN

    VARIABLE  shift, en ga naar staat 19


toestand 15

    7 atomdisexpr: S_DISCRETE LPAREN . VARIABLE S_EQUALS DOUBLE RPAREN

    VARIABLE  shift, en ga naar staat 20


toestand 16

    1 main: PR S_LEQ DOUBLE LPAREN expr RPAREN .

    $standaard  reduceren via regel 1 (main)


toestand 17

    2 expr: expr S_AND . expr

    S_NEG       shift, en ga naar staat 7
    S_FLUID     shift, en ga naar staat 8
    S_DISCRETE  shift, en ga naar staat 9

    expr          ga naar toestand 21
    atomdisexpr   ga naar toestand 11
    atomcontexpr  ga naar toestand 12


toestand 18

    4 expr: expr S_UNTIL . LCOLON DOUBLE COMMA DOUBLE RCOLON expr

    LCOLON  shift, en ga naar staat 22


toestand 19

    8 atomcontexpr: S_FLUID LPAREN VARIABLE . S_LEQ DOUBLE RPAREN

    S_LEQ  shift, en ga naar staat 23


toestand 20

    7 atomdisexpr: S_DISCRETE LPAREN VARIABLE . S_EQUALS DOUBLE RPAREN

    S_EQUALS  shift, en ga naar staat 24


toestand 21

    2 expr: expr . S_AND expr
    2     | expr S_AND expr .
    4     | expr . S_UNTIL LCOLON DOUBLE COMMA DOUBLE RCOLON expr

    S_UNTIL  shift, en ga naar staat 18

    $standaard  reduceren via regel 2 (expr)


toestand 22

    4 expr: expr S_UNTIL LCOLON . DOUBLE COMMA DOUBLE RCOLON expr

    DOUBLE  shift, en ga naar staat 25


toestand 23

    8 atomcontexpr: S_FLUID LPAREN VARIABLE S_LEQ . DOUBLE RPAREN

    DOUBLE  shift, en ga naar staat 26


toestand 24

    7 atomdisexpr: S_DISCRETE LPAREN VARIABLE S_EQUALS . DOUBLE RPAREN

    DOUBLE  shift, en ga naar staat 27


toestand 25

    4 expr: expr S_UNTIL LCOLON DOUBLE . COMMA DOUBLE RCOLON expr

    COMMA  shift, en ga naar staat 28


toestand 26

    8 atomcontexpr: S_FLUID LPAREN VARIABLE S_LEQ DOUBLE . RPAREN

    RPAREN  shift, en ga naar staat 29


toestand 27

    7 atomdisexpr: S_DISCRETE LPAREN VARIABLE S_EQUALS DOUBLE . RPAREN

    RPAREN  shift, en ga naar staat 30


toestand 28

    4 expr: expr S_UNTIL LCOLON DOUBLE COMMA . DOUBLE RCOLON expr

    DOUBLE  shift, en ga naar staat 31


toestand 29

    8 atomcontexpr: S_FLUID LPAREN VARIABLE S_LEQ DOUBLE RPAREN .

    $standaard  reduceren via regel 8 (atomcontexpr)


toestand 30

    7 atomdisexpr: S_DISCRETE LPAREN VARIABLE S_EQUALS DOUBLE RPAREN .

    $standaard  reduceren via regel 7 (atomdisexpr)


toestand 31

    4 expr: expr S_UNTIL LCOLON DOUBLE COMMA DOUBLE . RCOLON expr

    RCOLON  shift, en ga naar staat 32


toestand 32

    4 expr: expr S_UNTIL LCOLON DOUBLE COMMA DOUBLE RCOLON . expr

    S_NEG       shift, en ga naar staat 7
    S_FLUID     shift, en ga naar staat 8
    S_DISCRETE  shift, en ga naar staat 9

    expr          ga naar toestand 33
    atomdisexpr   ga naar toestand 11
    atomcontexpr  ga naar toestand 12


toestand 33

    2 expr: expr . S_AND expr
    4     | expr . S_UNTIL LCOLON DOUBLE COMMA DOUBLE RCOLON expr
    4     | expr S_UNTIL LCOLON DOUBLE COMMA DOUBLE RCOLON expr .

    $standaard  reduceren via regel 4 (expr)
