 0 0 0 0 0 0 0 0 0 0 0 0 0 0 0 0 0 0 0 0 0 0 0 0 0 0 0 0 0 0 0 0 0 0 0 0 0 0 0 0
 0 0 0 0 0 0 0 0 0 0 0 0 0 0 0 0 0 0 0 0 0 0 0 0 0 0 0 0 0 0 0 0 0 0 0 0 0 0 0 1
 0 0 0 0 0 0 0 0 0 0 0 0 0 0 0 0 0 0 0 0 0 0 0 0 0 0 0 0 0 0 0 0 0 0 0 0 0 0 0 1
 0 0 0 0 0 0 0 0 0 0 0 0 0 0 0 0 0 0 0 0 0 0 0 0 0 0 0 0 0 0 0 0 0 0 0 0 0 0 1 1
 0 0 0 0 0 0 0 0 0 0 0 0 0 0 0 0 0 0 0 0 0 0 0 0 0 0 0 0 0 0 0 0 0 0 0 0 0 1 1 1
 0 0 0 0 0 0 0 0 0 0 0 0 0 0 0 0 0 0 0 0 0 0 0 0 0 0 0 0 0 0 0 0 0 0 0 0 1 1 1 1
 0 0 0 0 0 0 0 0 0 0 0 0 0 0 0 0 0 0 0 0 0 0 0 0 0 0 0 0 0 0 0 0 0 0 0 0 1 1 1 1
 0 0 0 0 0 0 0 0 0 0 0 0 0 0 0 0 0 0 0 0 0 0 0 0 0 0 0 0 0 0 0 0 0 0 0 1 1 1 1 1
 0 0 0 0 0 0 0 0 0 0 0 0 0 0 0 0 0 0 0 0 0 0 0 0 0 0 0 0 0 0 0 0 0 0 1 1 1 1 1 1
 0 0 0 0 0 0 0 0 0 0 0 0 0 0 0 0 0 0 0 0 0 0 0 0 0 0 0 0 0 0 0 0 0 1 1 1 1 1 1 1
 0 0 0 0 0 0 0 0 0 0 0 0 0 0 0 0 0 0 0 0 0 0 0 0 0 0 0 0 0 0 0 0 0 1 1 1 1 1 1 1
 0 0 0 0 0 0 0 0 0 0 0 0 0 0 0 0 0 0 0 0 0 0 0 0 0 0 0 0 0 0 0 0 1 1 1 1 1 1 1 1
 0 0 0 0 0 0 0 0 0 0 0 0 0 0 0 0 0 0 0 0 0 0 0 0 0 0 0 0 0 0 0 1 1 1 1 1 1 1 1 1
 0 0 0 0 0 0 0 0 0 0 0 0 0 0 0 0 0 0 0 0 0 0 0 0 0 0 0 0 0 0 1 1 1 1 1 1 1 1 1 1
 0 0 0 0 0 0 0 0 0 0 0 0 0 0 0 0 0 0 0 0 0 0 0 0 0 0 0 0 0 0 1 1 1 1 1 1 1 1 1 1
 0 0 0 0 0 0 0 0 0 0 0 0 0 0 0 0 0 0 0 0 0 0 0 0 0 0 0 0 0 1 1 1 1 1 1 1 1 1 1 1
 0 0 0 0 0 0 0 0 0 0 0 0 0 0 0 0 0 0 0 0 0 0 0 0 0 0 0 0 1 1 1 1 1 1 1 1 1 1 1 1
 0 0 0 0 0 0 0 0 0 0 0 0 0 0 0 0 0 0 0 0 0 0 0 0 0 0 0 1 1 1 1 1 1 1 1 1 1 1 1 1
 0 0 0 0 0 0 0 0 0 0 0 0 0 0 0 0 0 0 0 0 0 0 0 0 0 0 0 1 1 1 1 1 1 1 1 1 1 1 1 1
 0 0 0 0 0 0 0 0 0 0 0 0 0 0 0 0 0 0 0 0 0 0 0 0 0 0 1 1 1 1 1 1 1 1 1 1 1 1 1 1
 0 0 0 0 0 0 0 0 0 0 0 0 0 0 0 0 0 0 0 0 0 0 0 0 0 1 1 1 1 1 1 1 1 1 1 1 1 1 1 1
 0 0 0 0 0 0 0 0 0 0 0 0 0 0 0 0 0 0 0 0 0 0 0 0 1 1 1 1 1 1 1 1 1 1 1 1 1 1 1 1
 0 0 0 0 0 0 0 0 0 0 0 0 0 0 0 0 0 0 0 0 0 0 0 0 1 1 1 1 1 1 1 1 1 1 1 1 1 1 1 1
 0 0 0 0 0 0 0 0 0 0 0 0 0 0 0 0 0 0 0 0 0 0 0 1 1 1 1 1 1 1 1 1 1 1 1 1 1 1 1 1
 0 0 0 0 0 0 0 0 0 0 0 0 0 0 0 0 0 0 0 0 0 0 1 1 1 1 1 1 1 1 1 1 1 1 1 1 1 1 1 1
 0 0 0 0 0 0 0 0 0 0 0 0 0 0 0 0 0 0 0 0 0 1 1 1 1 1 1 1 1 1 1 1 1 1 1 1 1 1 1 1
 0 0 0 0 0 0 0 0 0 0 0 0 0 0 0 0 0 0 0 0 0.26945 1 1 1 1 1 1 1 1 1 1 1 1 1 1 1 1 1 1 1
 0 0 0 0 0 0 0 0 0 0 0 0 0 0 0 0.193069 0.208822 0.225859 0.244287 0.264218 1 1 1 1 1 1 1 1 1 1 1 1 1 1 1 1 1 1 1 1
 0 0 0 0 0 0 0 0 0 0 0.13834 0.149627 0.161835 0.175039 0.189321 0.204767 0.221474 0.239544 0.259088 1 1 1 1 1 1 1 1 1 1 1 1 1 1 1 1 1 1 1 1 1
 0 0 0 0 0 0.0991251 0.107213 0.11596 0.125421 0.135654 0.146722 0.158693 0.171641 0.185645 0.200791 0.217173 0.234892 0.254057 1 1 1 1 1 1 1 1 1 1 1 1 1 1 1 1 1 1 1 1 1 1
 0.0704714 0.076221 0.0824399 0.0891661 0.096441 0.10431 0.11282 0.122025 0.131981 0.142749 0.154396 0.166993 0.180618 0.195354 0.211293 0.228532 0.247178 0.267345 1 1 1 1 1 1 1 1 1 1 1 1 1 1 1 1 1 1 1 1 1 1
 0.0515237 0.0623346 0.0718668 0.0777303 0.0840723 0.0909317 0.0983507 0.106375 0.115054 0.124441 0.134594 0.145576 0.157453 0.1703 0.184194 0.199222 0.215477 0.233057 0.252072 0.272639 1 1 1 1 1 1 1 1 1 1 1 1 1 1 1 1 1 1 1 1
 0.0369183 0.0446647 0.0540365 0.0653748 0.0732898 0.0792695 0.085737 0.0927322 0.100298 0.108481 0.117332 0.126905 0.137259 0.148458 0.160571 0.173672 0.187841 0.203167 0.219744 0.237672 0.257064 1 1 1 1 1 1 1 1 1 1 1 1 1 1 1 1 1 1 1
 0.0264531 0.0320037 0.0387189 0.0468431 0.0566719 0.0685632 0.0747411 0.0808391 0.0874347 0.0945684 0.102284 0.110629 0.119656 0.129418 0.139977 0.151398 0.16375 0.177111 0.191561 0.20719 0.224095 0.242378 0.262154 1 1 1 1 1 1 1 1 1 1 1 1 1 1 1 1 1
 0.0189545 0.0229316 0.0277433 0.0335645 0.0406072 0.0491276 0.0594359 0.0704714 0.076221 0.0824399 0.0891661 0.096441 0.10431 0.11282 0.122025 0.131981 0.142749 0.154396 0.166993 0.180618 0.195354 0.211293 0.228532 0.247178 0.267345 1 1 1 1 1 1 1 1 1 1 1 1 1 1 1
 0.0135815 0.0164312 0.0198789 0.02405 0.0290963 0.0352015 0.0425877 0.0515237 0.0623346 0.0718668 0.0777303 0.0840723 0.0909317 0.0983507 0.106375 0.115054 0.124441 0.134594 0.145576 0.157453 0.1703 0.184194 0.199222 0.215477 0.233057 0.252072 0.272639 1 1 1 1 1 1 1 1 1 1 1 1 1
 0.00973156 0.0117735 0.0142439 0.0172326 0.0208484 0.025223 0.0305154 0.0369183 0.0446647 0.0540365 0.0653748 0.0732898 0.0792695 0.085737 0.0927322 0.100298 0.108481 0.117332 0.126905 0.137259 0.148458 0.160571 0.173672 0.187841 0.203167 0.219744 0.237672 0.257064 1 1 1 1 1 1 1 1 1 1 1 1
 0.00697297 0.00843608 0.0102062 0.0123477 0.0149386 0.0180731 0.0218652 0.0264531 0.0320037 0.0387189 0.0468431 0.0566719 0.0685632 0.0747411 0.0808391 0.0874347 0.0945684 0.102284 0.110629 0.119656 0.129418 0.139977 0.151398 0.16375 0.177111 0.191561 0.20719 0.224095 0.242378 0.262154 1 1 1 1 1 1 1 1 1 1
 0.00499635 0.00604471 0.00731305 0.00884751 0.0107039 0.0129499 0.0156671 0.0189545 0.0229316 0.0277433 0.0335645 0.0406072 0.0491276 0.0594359 0.0704714 0.076221 0.0824399 0.0891661 0.096441 0.10431 0.11282 0.122025 0.131981 0.142749 0.154396 0.166993 0.180618 0.195354 0.211293 0.228532 0.247178 0.267345 1 1 1 1 1 1 1 1
 0.00358004 0.00433123 0.00524003 0.00633952 0.00766971 0.00927901 0.011226 0.0135815 0.0164312 0.0198789 0.02405 0.0290963 0.0352015 0.0425877 0.0515237 0.0623346 0.0718668 0.0777303 0.0840723 0.0909317 0.0983507 0.106375 0.115054 0.124441 0.134594 0.145576 0.157453 0.1703 0.184194 0.199222 0.215477 0.233057 0.252072 0.272639 1 1 1 1 1 1
 0.00256521 0.00310346 0.00375464 0.00454246 0.00549559 0.0066487 0.00804377 0.00973156 0.0117735 0.0142439 0.0172326 0.0208484 0.025223 0.0305154 0.0369183 0.0446647 0.0540365 0.0653748 0.0732898 0.0792695 0.085737 0.0927322 0.100298 0.108481 0.117332 0.126905 0.137259 0.148458 0.160571 0.173672 0.187841 0.203167 0.219744 0.237672 0.257064 1 1 1 1 1
 0.00183805 0.00222373 0.00269032 0.00325482 0.00393776 0.004764 0.00576361 0.00697297 0.00843608 0.0102062 0.0123477 0.0149386 0.0180731 0.0218652 0.0264531 0.0320037 0.0387189 0.0468431 0.0566719 0.0685632 0.0747411 0.0808391 0.0874347 0.0945684 0.102284 0.110629 0.119656 0.129418 0.139977 0.151398 0.16375 0.177111 0.191561 0.20719 0.224095 0.242378 0.262154 1 1 1
 0.00131702 0.00159337 0.0019277 0.00233218 0.00282153 0.00341356 0.00412981 0.00499635 0.00604471 0.00731305 0.00884751 0.0107039 0.0129499 0.0156671 0.0189545 0.0229316 0.0277433 0.0335645 0.0406072 0.0491276 0.0594359 0.0704714 0.076221 0.0824399 0.0891661 0.096441 0.10431 0.11282 0.122025 0.131981 0.142749 0.154396 0.166993 0.180618 0.195354 0.211293 0.228532 0.247178 0.267345 1
 0.000943689 0.0011417 0.00138126 0.00167108 0.00202171 0.00244592 0.00295914 0.00358004 0.00433123 0.00524003 0.00633952 0.00766971 0.00927901 0.011226 0.0135815 0.0164312 0.0198789 0.02405 0.0290963 0.0352015 0.0425877 0.0515237 0.0623346 0.0718668 0.0777303 0.0840723 0.0909317 0.0983507 0.106375 0.115054 0.124441 0.134594 0.145576 0.157453 0.1703 0.184194 0.199222 0.215477 0.233057 0.252072
 0.000676182 0.000818063 0.000989713 0.00119738 0.00144862 0.00175258 0.00212032 0.00256521 0.00310346 0.00375464 0.00454246 0.00549559 0.0066487 0.00804377 0.00973156 0.0117735 0.0142439 0.0172326 0.0208484 0.025223 0.0305154 0.0369183 0.0446647 0.0540365 0.0653748 0.0732898 0.0792695 0.085737 0.0927322 0.100298 0.108481 0.117332 0.126905 0.137259 0.148458 0.160571 0.173672 0.187841 0.203167 0.219744
 0.000484506 0.000586168 0.000709161 0.000857961 0.00103798 0.00125578 0.00151927 0.00183805 0.00222373 0.00269032 0.00325482 0.00393776 0.004764 0.00576361 0.00697297 0.00843608 0.0102062 0.0123477 0.0149386 0.0180731 0.0218652 0.0264531 0.0320037 0.0387189 0.0468431 0.0566719 0.0685632 0.0747411 0.0808391 0.0874347 0.0945684 0.102284 0.110629 0.119656 0.129418 0.139977 0.151398 0.16375 0.177111 0.191561
 0.000347164 0.000420007 0.000508136 0.000614756 0.000743747 0.000899804 0.00108861 0.00131702 0.00159337 0.0019277 0.00233218 0.00282153 0.00341356 0.00412981 0.00499635 0.00604471 0.00731305 0.00884751 0.0107039 0.0129499 0.0156671 0.0189545 0.0229316 0.0277433 0.0335645 0.0406072 0.0491276 0.0594359 0.0704714 0.076221 0.0824399 0.0891661 0.096441 0.10431 0.11282 0.122025 0.131981 0.142749 0.154396 0.166993
 0.000248754 0.000300948 0.000364095 0.000440492 0.000532918 0.000644738 0.00078002 0.000943689 0.0011417 0.00138126 0.00167108 0.00202171 0.00244592 0.00295914 0.00358004 0.00433123 0.00524003 0.00633952 0.00766971 0.00927901 0.011226 0.0135815 0.0164312 0.0198789 0.02405 0.0290963 0.0352015 0.0425877 0.0515237 0.0623346 0.0718668 0.0777303 0.0840723 0.0909317 0.0983507 0.106375 0.115054 0.124441 0.134594 0.145576
 0.000181667 0.000219786 0.000265902 0.000321696 0.000389196 0.000470859 0.000569657 0.000689186 0.000833794 0.00100875 0.00122041 0.00147648 0.00178628 0.00216109 0.00261454 0.00316314 0.00382685 0.00462982 0.00560127 0.00677656 0.00819846 0.0099187 0.0119999 0.0145178 0.017564 0.0212494 0.025708 0.0311022 0.0376283 0.0455236 0.0550756 0.0666319 0.0738669 0.0798937 0.0864121 0.0934624 0.101088 0.109336 0.118256 0.127905
 0.000209565 0.000253537 0.000306736 0.000371097 0.000448962 0.000543166 0.000657136 0.00079502 0.000961836 0.00116365 0.00140782 0.00170321 0.00206059 0.00249296 0.00301604 0.00364889 0.00441452 0.00534079 0.00646143 0.0078172 0.00945745 0.0114419 0.0138427 0.0167472 0.0202612 0.0245125 0.0296559 0.0358784 0.0434066 0.0525145 0.0635333 0.0724327 0.0783424 0.0847343 0.0916477 0.0991251 0.107213 0.11596 0.125421 1
 0.000241747 0.000292472 0.00035384 0.000428084 0.000517907 0.000626577 0.000758049 0.000917108 0.00110954 0.00134235 0.00162401 0.00196477 0.00237703 0.00287579 0.0034792 0.00420923 0.00509243 0.00616095 0.00745368 0.00901765 0.0109098 0.0131989 0.0159684 0.019319 0.0233726 0.0282768 0.03421 0.0413881 0.0500724 0.0605788 0.0710262 0.0768212 0.083089 0.0898681 0.0972004 0.105131 0.113708 0.122986 0.13302 1
 0.000278871 0.000337385 0.000408177 0.000493823 0.00059744 0.000722798 0.000874459 0.00105794 0.00127993 0.00154849 0.0018734 0.00226649 0.00274206 0.00331741 0.00401349 0.00485562 0.00587445 0.00710706 0.0085983 0.0104024 0.0125851 0.0152258 0.0184206 0.0222857 0.0269618 0.0326191 0.0394634 0.0477439 0.0577617 0.0696471 0.0753296 0.0814757 0.0881232 0.0953131 0.10309 0.111501 0.120598 0.130437 1 1
 0.000321696 0.000389196 0.000470859 0.000569657 0.000689186 0.000833794 0.00100875 0.00122041 0.00147648 0.00178628 0.00216109 0.00261454 0.00316314 0.00382685 0.00462982 0.00560127 0.00677656 0.00819846 0.0099187 0.0119999 0.0145178 0.017564 0.0212494 0.025708 0.0311022 0.0376283 0.0455236 0.0550756 0.0666319 0.0738669 0.0798937 0.0864121 0.0934624 0.101088 0.109336 0.118256 0.127905 1 1 1
 0.000371097 0.000448962 0.000543166 0.000657136 0.00079502 0.000961836 0.00116365 0.00140782 0.00170321 0.00206059 0.00249296 0.00301604 0.00364889 0.00441452 0.00534079 0.00646143 0.0078172 0.00945745 0.0114419 0.0138427 0.0167472 0.0202612 0.0245125 0.0296559 0.0358784 0.0434066 0.0525145 0.0635333 0.0724327 0.0783424 0.0847343 0.0916477 0.0991251 0.107213 0.11596 0.125421 1 1 1 1
 0.000428084 0.000517907 0.000626577 0.000758049 0.000917108 0.00110954 0.00134235 0.00162401 0.00196477 0.00237703 0.00287579 0.0034792 0.00420923 0.00509243 0.00616095 0.00745368 0.00901765 0.0109098 0.0131989 0.0159684 0.019319 0.0233726 0.0282768 0.03421 0.0413881 0.0500724 0.0605788 0.0710262 0.0768212 0.083089 0.0898681 0.0972004 0.105131 0.113708 0.122986 0.13302 1 1 1 1
 0.000493823 0.00059744 0.000722798 0.000874459 0.00105794 0.00127993 0.00154849 0.0018734 0.00226649 0.00274206 0.00331741 0.00401349 0.00485562 0.00587445 0.00710706 0.0085983 0.0104024 0.0125851 0.0152258 0.0184206 0.0222857 0.0269618 0.0326191 0.0394634 0.0477439 0.0577617 0.0696471 0.0753296 0.0814757 0.0881232 0.0953131 0.10309 0.111501 0.120598 0.130437 1 1 1 1 1
 0.000569657 0.000689186 0.000833794 0.00100875 0.00122041 0.00147648 0.00178628 0.00216109 0.00261454 0.00316314 0.00382685 0.00462982 0.00560127 0.00677656 0.00819846 0.0099187 0.0119999 0.0145178 0.017564 0.0212494 0.025708 0.0311022 0.0376283 0.0455236 0.0550756 0.0666319 0.0738669 0.0798937 0.0864121 0.0934624 0.101088 0.109336 0.118256 0.127905 1 1 1 1 1 1
 0.000657136 0.00079502 0.000961836 0.00116365 0.00140782 0.00170321 0.00206059 0.00249296 0.00301604 0.00364889 0.00441452 0.00534079 0.00646143 0.0078172 0.00945745 0.0114419 0.0138427 0.0167472 0.0202612 0.0245125 0.0296559 0.0358784 0.0434066 0.0525145 0.0635333 0.0724327 0.0783424 0.0847343 0.0916477 0.0991251 0.107213 0.11596 0.125421 1 1 1 1 1 1 1
 0.000758049 0.000917108 0.00110954 0.00134235 0.00162401 0.00196477 0.00237703 0.00287579 0.0034792 0.00420923 0.00509243 0.00616095 0.00745368 0.00901765 0.0109098 0.0131989 0.0159684 0.019319 0.0233726 0.0282768 0.03421 0.0413881 0.0500724 0.0605788 0.0710262 0.0768212 0.083089 0.0898681 0.0972004 0.105131 0.113708 0.122986 0.13302 1 1 1 1 1 1 1
 0.000874459 0.00105794 0.00127993 0.00154849 0.0018734 0.00226649 0.00274206 0.00331741 0.00401349 0.00485562 0.00587445 0.00710706 0.0085983 0.0104024 0.0125851 0.0152258 0.0184206 0.0222857 0.0269618 0.0326191 0.0394634 0.0477439 0.0577617 0.0696471 0.0753296 0.0814757 0.0881232 0.0953131 0.10309 0.111501 0.120598 0.130437 1 1 1 1 1 1 1 1
 0.00100875 0.00122041 0.00147648 0.00178628 0.00216109 0.00261454 0.00316314 0.00382685 0.00462982 0.00560127 0.00677656 0.00819846 0.0099187 0.0119999 0.0145178 0.017564 0.0212494 0.025708 0.0311022 0.0376283 0.0455236 0.0550756 0.0666319 0.0738669 0.0798937 0.0864121 0.0934624 0.101088 0.109336 0.118256 0.127905 1 1 1 1 1 1 1 1 1
 0.00116365 0.00140782 0.00170321 0.00206059 0.00249296 0.00301604 0.00364889 0.00441452 0.00534079 0.00646143 0.0078172 0.00945745 0.0114419 0.0138427 0.0167472 0.0202612 0.0245125 0.0296559 0.0358784 0.0434066 0.0525145 0.0635333 0.0724327 0.0783424 0.0847343 0.0916477 0.0991251 0.107213 0.11596 0.125421 1 1 1 1 1 1 1 1 1 1
 0.00134235 0.00162401 0.00196477 0.00237703 0.00287579 0.0034792 0.00420923 0.00509243 0.00616095 0.00745368 0.00901765 0.0109098 0.0131989 0.0159684 0.019319 0.0233726 0.0282768 0.03421 0.0413881 0.0500724 0.0605788 0.0710262 0.0768212 0.083089 0.0898681 0.0972004 0.105131 0.113708 0.122986 0.13302 1 1 1 1 1 1 1 1 1 1
 0.00154849 0.0018734 0.00226649 0.00274206 0.00331741 0.00401349 0.00485562 0.00587445 0.00710706 0.0085983 0.0104024 0.0125851 0.0152258 0.0184206 0.0222857 0.0269618 0.0326191 0.0394634 0.0477439 0.0577617 0.0696471 0.0753296 0.0814757 0.0881232 0.0953131 0.10309 0.111501 0.120598 0.130437 1 1 1 1 1 1 1 1 1 1 1
 0.00178628 0.00216109 0.00261454 0.00316314 0.00382685 0.00462982 0.00560127 0.00677656 0.00819846 0.0099187 0.0119999 0.0145178 0.017564 0.0212494 0.025708 0.0311022 0.0376283 0.0455236 0.0550756 0.0666319 0.0738669 0.0798937 0.0864121 0.0934624 0.101088 0.109336 0.118256 0.127905 1 1 1 1 1 1 1 1 1 1 1 1
 0.00206059 0.00249296 0.00301604 0.00364889 0.00441452 0.00534079 0.00646143 0.0078172 0.00945745 0.0114419 0.0138427 0.0167472 0.0202612 0.0245125 0.0296559 0.0358784 0.0434066 0.0525145 0.0635333 0.0724327 0.0783424 0.0847343 0.0916477 0.0991251 0.107213 0.11596 0.125421 1 1 1 1 1 1 1 1 1 1 1 1 1
 0.00237703 0.00287579 0.0034792 0.00420923 0.00509243 0.00616095 0.00745368 0.00901765 0.0109098 0.0131989 0.0159684 0.019319 0.0233726 0.0282768 0.03421 0.0413881 0.0500724 0.0605788 0.0710262 0.0768212 0.083089 0.0898681 0.0972004 0.105131 0.113708 0.122986 0.13302 1 1 1 1 1 1 1 1 1 1 1 1 1
 0.00274206 0.00331741 0.00401349 0.00485562 0.00587445 0.00710706 0.0085983 0.0104024 0.0125851 0.0152258 0.0184206 0.0222857 0.0269618 0.0326191 0.0394634 0.0477439 0.0577617 0.0696471 0.0753296 0.0814757 0.0881232 0.0953131 0.10309 0.111501 0.120598 0.130437 1 1 1 1 1 1 1 1 1 1 1 1 1 1
 0.00316314 0.00382685 0.00462982 0.00560127 0.00677656 0.00819846 0.0099187 0.0119999 0.0145178 0.017564 0.0212494 0.025708 0.0311022 0.0376283 0.0455236 0.0550756 0.0666319 0.0738669 0.0798937 0.0864121 0.0934624 0.101088 0.109336 0.118256 0.127905 1 1 1 1 1 1 1 1 1 1 1 1 1 1 1
 0.00364889 0.00441452 0.00534079 0.00646143 0.0078172 0.00945745 0.0114419 0.0138427 0.0167472 0.0202612 0.0245125 0.0296559 0.0358784 0.0434066 0.0525145 0.0635333 0.0724327 0.0783424 0.0847343 0.0916477 0.0991251 0.107213 0.11596 0.125421 1 1 1 1 1 1 1 1 1 1 1 1 1 1 1 1
 0.00420923 0.00509243 0.00616095 0.00745368 0.00901765 0.0109098 0.0131989 0.0159684 0.019319 0.0233726 0.0282768 0.03421 0.0413881 0.0500724 0.0605788 0.0710262 0.0768212 0.083089 0.0898681 0.0972004 0.105131 0.113708 0.122986 0.13302 1 1 1 1 1 1 1 1 1 1 1 1 1 1 1 1
 0.00485562 0.00587445 0.00710706 0.0085983 0.0104024 0.0125851 0.0152258 0.0184206 0.0222857 0.0269618 0.0326191 0.0394634 0.0477439 0.0577617 0.0696471 0.0753296 0.0814757 0.0881232 0.0953131 0.10309 0.111501 0.120598 0.130437 1 1 1 1 1 1 1 1 1 1 1 1 1 1 1 1 1
 0.00560127 0.00677656 0.00819846 0.0099187 0.0119999 0.0145178 0.017564 0.0212494 0.025708 0.0311022 0.0376283 0.0455236 0.0550756 0.0666319 0.0738669 0.0798937 0.0864121 0.0934624 0.101088 0.109336 0.118256 0.127905 1 1 1 1 1 1 1 1 1 1 1 1 1 1 1 1 1 1
 0.00646143 0.0078172 0.00945745 0.0114419 0.0138427 0.0167472 0.0202612 0.0245125 0.0296559 0.0358784 0.0434066 0.0525145 0.0635333 0.0724327 0.0783424 0.0847343 0.0916477 0.0991251 0.107213 0.11596 0.125421 1 1 1 1 1 1 1 1 1 1 1 1 1 1 1 1 1 1 1
 0.00745368 0.00901765 0.0109098 0.0131989 0.0159684 0.019319 0.0233726 0.0282768 0.03421 0.0413881 0.0500724 0.0605788 0.0710262 0.0768212 0.083089 0.0898681 0.0972004 0.105131 0.113708 0.122986 0.13302 1 1 1 1 1 1 1 1 1 1 1 1 1 1 1 1 1 1 1
 0.0085983 0.0104024 0.0125851 0.0152258 0.0184206 0.0222857 0.0269618 0.0326191 0.0394634 0.0477439 0.0577617 0.0696471 0.0753296 0.0814757 0.0881232 0.0953131 0.10309 0.111501 0.120598 0.130437 1 1 1 1 1 1 1 1 1 1 1 1 1 1 1 1 1 1 1 1
 0.0099187 0.0119999 0.0145178 0.017564 0.0212494 0.025708 0.0311022 0.0376283 0.0455236 0.0550756 0.0666319 0.0738669 0.0798937 0.0864121 0.0934624 0.101088 0.109336 0.118256 0.127905 1 1 1 1 1 1 1 1 1 1 1 1 1 1 1 1 1 1 1 1 1
 0.0114419 0.0138427 0.0167472 0.0202612 0.0245125 0.0296559 0.0358784 0.0434066 0.0525145 0.0635333 0.0724327 0.0783424 0.0847343 0.0916477 0.0991251 0.107213 0.11596 0.125421 1 1 1 1 1 1 1 1 1 1 1 1 1 1 1 1 1 1 1 1 1 1
 0.0129499 0.0156671 0.0189545 0.0229316 0.0277433 0.0335645 0.0406072 0.0491276 0.0594359 0.0704714 0.076221 0.0824399 0.0891661 0.096441 0.10431 0.11282 0.122025 0.131981 1 1 1 1 1 1 1 1 1 1 1 1 1 1 1 1 1 1 1 1 1 1
 0.00910679 0.0110538 0.0135815 0.0164312 0.0198789 0.02405 0.0290963 0.0352015 0.0425877 0.0515237 0.0623346 0.0718668 0.0777303 0.0840723 0.0909317 0.0983507 0.106375 0.115054 0.124441 0.134594 1 1 1 1 1 1 1 1 1 1 1 1 1 1 1 1 1 1 1 1
 0.00647648 0.00787154 0.00955933 0.0116013 0.0142439 0.0172326 0.0208484 0.025223 0.0305154 0.0369183 0.0446647 0.0540365 0.0653748 0.0732898 0.0792695 0.085737 0.0927322 0.100298 0.108481 0.117332 0.126905 1 1 1 1 1 1 1 1 1 1 1 1 1 1 1 1 1 1 1
 0.00459178 0.00559139 0.00680074 0.00826385 0.010034 0.0121755 0.0149386 0.0180731 0.0218652 0.0264531 0.0320037 0.0387189 0.0468431 0.0566719 0.0685632 0.0747411 0.0808391 0.0874347 0.0945684 0.102284 0.110629 0.119656 0.129418 1 1 1 1 1 1 1 1 1 1 1 1 1 1 1 1 1
 0.00324133 0.00395758 0.00482412 0.00587248 0.00714082 0.00867528 0.0105317 0.0129499 0.0156671 0.0189545 0.0229316 0.0277433 0.0335645 0.0406072 0.0491276 0.0594359 0.0704714 0.076221 0.0824399 0.0891661 0.096441 0.10431 0.11282 0.122025 0.131981 1 1 1 1 1 1 1 1 1 1 1 1 1 1 1
 0.00227369 0.00278691 0.00340781 0.004159 0.0050678 0.00616729 0.00749748 0.00910679 0.0110538 0.0135815 0.0164312 0.0198789 0.02405 0.0290963 0.0352015 0.0425877 0.0515237 0.0623346 0.0718668 0.0777303 0.0840723 0.0909317 0.0983507 0.106375 0.115054 0.124441 0.134594 1 1 1 1 1 1 1 1 1 1 1 1 1
 0.00158035 0.00194808 0.00239298 0.00293123 0.00358241 0.00437023 0.00532336 0.00647648 0.00787154 0.00955933 0.0116013 0.0142439 0.0172326 0.0208484 0.025223 0.0305154 0.0369183 0.0446647 0.0540365 0.0653748 0.0732898 0.0792695 0.085737 0.0927322 0.100298 0.108481 0.117332 0.126905 1 1 1 1 1 1 1 1 1 1 1 1
 0.00108355 0.00134704 0.00166582 0.00205149 0.00251809 0.00308259 0.00376553 0.00459178 0.00559139 0.00680074 0.00826385 0.010034 0.0121755 0.0149386 0.0180731 0.0218652 0.0264531 0.0320037 0.0387189 0.0468431 0.0566719 0.0685632 0.0747411 0.0808391 0.0874347 0.0945684 0.102284 0.110629 0.119656 0.129418 1 1 1 1 1 1 1 1 1 1
 0.000727573 0.000916375 0.00114479 0.00142114 0.00175547 0.00215995 0.0026493 0.00324133 0.00395758 0.00482412 0.00587248 0.00714082 0.00867528 0.0105317 0.0129499 0.0156671 0.0189545 0.0229316 0.0277433 0.0335645 0.0406072 0.0491276 0.0594359 0.0704714 0.076221 0.0824399 0.0891661 0.096441 0.10431 0.11282 0.122025 0.131981 1 1 1 1 1 1 1 1
 0.000472506 0.000607789 0.000771457 0.000969467 0.00120902 0.00149885 0.00184948 0.00227369 0.00278691 0.00340781 0.004159 0.0050678 0.00616729 0.00749748 0.00910679 0.0110538 0.0135815 0.0164312 0.0198789 0.02405 0.0290963 0.0352015 0.0425877 0.0515237 0.0623346 0.0718668 0.0777303 0.0840723 0.0909317 0.0983507 0.106375 0.115054 0.124441 0.134594 1 1 1 1 1 1
 0.000289743 0.000386677 0.000503951 0.000645831 0.000817482 0.00102515 0.00127639 0.00158035 0.00194808 0.00239298 0.00293123 0.00358241 0.00437023 0.00532336 0.00647648 0.00787154 0.00955933 0.0116013 0.0142439 0.0172326 0.0208484 0.025223 0.0305154 0.0369183 0.0446647 0.0540365 0.0653748 0.0732898 0.0792695 0.085737 0.0927322 0.100298 0.108481 0.117332 0.126905 1 1 1 1 1
 0.000158787 0.000228244 0.000312274 0.000413936 0.000536929 0.000685729 0.000865751 0.00108355 0.00134704 0.00166582 0.00205149 0.00251809 0.00308259 0.00376553 0.00459178 0.00559139 0.00680074 0.00826385 0.010034 0.0121755 0.0149386 0.0180731 0.0218652 0.0264531 0.0320037 0.0387189 0.0468431 0.0566719 0.0685632 0.0747411 0.0808391 0.0874347 0.0945684 0.102284 0.110629 0.119656 0.129418 1 1 1
 6.49537e-05 0.000114721 0.000174932 0.000247775 0.000335904 0.000442524 0.000571515 0.000727573 0.000916375 0.00114479 0.00142114 0.00175547 0.00215995 0.0026493 0.00324133 0.00395758 0.00482412 0.00587248 0.00714082 0.00867528 0.0105317 0.0129499 0.0156671 0.0189545 0.0229316 0.0277433 0.0335645 0.0406072 0.0491276 0.0594359 0.0704714 0.076221 0.0824399 0.0891661 0.096441 0.10431 0.11282 0.122025 0.131981 1
 1.06198e-10 3.3379e-05 7.65215e-05 0.000128716 0.000191863 0.00026826 0.000360686 0.000472506 0.000607789 0.000771457 0.000969467 0.00120902 0.00149885 0.00184948 0.00227369 0.00278691 0.00340781 0.004159 0.0050678 0.00616729 0.00749748 0.00910679 0.0110538 0.0135815 0.0164312 0.0198789 0.02405 0.0290963 0.0352015 0.0425877 0.0515237 0.0623346 0.0718668 0.0777303 0.0840723 0.0909317 0.0983507 0.106375 0.115054 0.124441
 7.60944e-11 9.20608e-11 6.00761e-06 4.34069e-05 8.86535e-05 0.000143394 0.00020962 0.000289743 0.000386677 0.000503951 0.000645831 0.000817482 0.00102515 0.00127639 0.00158035 0.00194808 0.00239298 0.00293123 0.00358241 0.00437023 0.00532336 0.00647648 0.00787154 0.00955933 0.0116013 0.0142439 0.0172326 0.0208484 0.025223 0.0305154 0.0369183 0.0446647 0.0540365 0.0653748 0.0732898 0.0792695 0.085737 0.0927322 0.100298 0.108481
 5.45239e-11 6.59645e-11 7.98055e-11 9.65508e-11 1.47006e-05 5.39238e-05 0.000101377 0.000158787 0.000228244 0.000312274 0.000413936 0.000536929 0.000685729 0.000865751 0.00108355 0.00134704 0.00166582 0.00205149 0.00251809 0.00308259 0.00376553 0.00459178 0.00559139 0.00680074 0.00826385 0.010034 0.0121755 0.0149386 0.0180731 0.0218652 0.0264531 0.0320037 0.0387189 0.0468431 0.0566719 0.0685632 0.0747411 0.0808391 0.0874347 0.0945684
 3.90681e-11 4.72656e-11 5.71831e-11 6.91817e-11 8.36977e-11 1.0126e-10 2.38175e-05 6.49537e-05 0.000114721 0.000174932 0.000247775 0.000335904 0.000442524 0.000571515 0.000727573 0.000916375 0.00114479 0.00142114 0.00175547 0.00215995 0.0026493 0.00324133 0.00395758 0.00482412 0.00587248 0.00714082 0.00867528 0.0105317 0.0129499 0.0156671 0.0189545 0.0229316 0.0277433 0.0335645 0.0406072 0.0491276 0.0594359 0.0704714 0.076221 0.0824399
 2.79935e-11 3.38672e-11 4.09736e-11 4.95708e-11 5.9972e-11 7.25557e-11 8.77798e-11 1.06198e-10 3.3379e-05 7.65215e-05 0.000128716 0.000191863 0.00026826 0.000360686 0.000472506 0.000607789 0.000771457 0.000969467 0.00120902 0.00149885 0.00184948 0.00227369 0.00278691 0.00340781 0.004159 0.0050678 0.00616729 0.00749748 0.00910679 0.0110538 0.0135815 0.0164312 0.0198789 0.02405 0.0290963 0.0352015 0.0425877 0.0515237 0.0623346 0.0718668
 2.0444e-11 2.47337e-11 2.99234e-11 3.6202e-11 4.37982e-11 5.29882e-11 6.41065e-11 7.75576e-11 9.38312e-11 9.4352e-06 4.75537e-05 9.36704e-05 0.000149464 0.000216964 0.000298627 0.000397425 0.000516954 0.000661563 0.000836514 0.00104817 0.00130425 0.00161405 0.00198886 0.00244231 0.00299091 0.00365462 0.00445759 0.00542904 0.00660433 0.00802623 0.00974647 0.0118277 0.0145178 0.017564 0.0212494 0.025708 0.0311022 0.0376283 0.0455236 0.0550756
 2.35835e-11 2.85318e-11 3.45186e-11 4.17615e-11 5.0524e-11 6.11253e-11 7.3951e-11 8.94678e-11 9.8711e-07 3.7333e-05 8.13051e-05 0.000134504 0.000198865 0.00027673 0.000370934 0.000484904 0.000622789 0.000789604 0.000991422 0.00123559 0.00153098 0.00188836 0.00232073 0.00284381 0.00347666 0.00424229 0.00516857 0.0062892 0.00764497 0.00928522 0.0112696 0.0138427 0.0167472 0.0202612 0.0245125 0.0296559 0.0358784 0.0434066 0.0525145 1
 2.7205e-11 3.29133e-11 3.98194e-11 4.81746e-11 5.82828e-11 7.0512e-11 8.53072e-11 1.03207e-10 2.75875e-05 6.95148e-05 0.00012024 0.000181608 0.000255852 0.000345675 0.000454346 0.000585818 0.000744876 0.000937309 0.00117012 0.00145178 0.00179254 0.0022048 0.00270356 0.00330697 0.004037 0.0049202 0.00598872 0.00728145 0.00884542 0.0107376 0.0131989 0.0159684 0.019319 0.0233726 0.0282768 0.03421 0.0413881 0.0500724 0.0605788 1
 3.13828e-11 3.79677e-11 4.59343e-11 5.55724e-11 6.7233e-11 8.13402e-11 9.84074e-11 1.82953e-05 5.82729e-05 0.000106639 0.000165153 0.000235945 0.000321591 0.000425208 0.000550566 0.000702228 0.000885712 0.0011077 0.00137626 0.00170117 0.00209426 0.00256982 0.00314518 0.00384126 0.00468339 0.00570222 0.00693483 0.00842608 0.0102302 0.0125851 0.0152258 0.0184206 0.0222857 0.0269618 0.0326191 0.0394634 0.0477439 0.0577617 1 1
 3.6202e-11 4.37982e-11 5.29882e-11 6.41065e-11 7.75576e-11 9.38312e-11 9.4352e-06 4.75537e-05 9.36704e-05 0.000149464 0.000216964 0.000298627 0.000397425 0.000516954 0.000661563 0.000836514 0.00104817 0.00130425 0.00161405 0.00198886 0.00244231 0.00299091 0.00365462 0.00445759 0.00542904 0.00660433 0.00802623 0.00974647 0.0118277 0.0145178 0.017564 0.0212494 0.025708 0.0311022 0.0376283 0.0455236 0.0550756 1 1 1
 4.17615e-11 5.0524e-11 6.11253e-11 7.3951e-11 8.94678e-11 9.8711e-07 3.7333e-05 8.13051e-05 0.000134504 0.000198865 0.00027673 0.000370934 0.000484904 0.000622789 0.000789604 0.000991422 0.00123559 0.00153098 0.00188836 0.00232073 0.00284381 0.00347666 0.00424229 0.00516857 0.0062892 0.00764497 0.00928522 0.0112696 0.0138427 0.0167472 0.0202612 0.0245125 0.0296559 0.0358784 0.0434066 0.0525145 1 1 1 1
 4.81746e-11 5.82828e-11 7.0512e-11 8.53072e-11 1.03207e-10 2.75875e-05 6.95148e-05 0.00012024 0.000181608 0.000255852 0.000345675 0.000454346 0.000585818 0.000744876 0.000937309 0.00117012 0.00145178 0.00179254 0.0022048 0.00270356 0.00330697 0.004037 0.0049202 0.00598872 0.00728145 0.00884542 0.0107376 0.0131989 0.0159684 0.019319 0.0233726 0.0282768 0.03421 0.0413881 0.0500724 0.0605788 1 1 1 1
 5.55724e-11 6.7233e-11 8.13402e-11 9.84074e-11 1.82953e-05 5.82729e-05 0.000106639 0.000165153 0.000235945 0.000321591 0.000425208 0.000550566 0.000702228 0.000885712 0.0011077 0.00137626 0.00170117 0.00209426 0.00256982 0.00314518 0.00384126 0.00468339 0.00570222 0.00693483 0.00842608 0.0102302 0.0125851 0.0152258 0.0184206 0.0222857 0.0269618 0.0326191 0.0394634 0.0477439 0.0577617 1 1 1 1 1
 6.41065e-11 7.75576e-11 9.38312e-11 9.4352e-06 4.75537e-05 9.36704e-05 0.000149464 0.000216964 0.000298627 0.000397425 0.000516954 0.000661563 0.000836514 0.00104817 0.00130425 0.00161405 0.00198886 0.00244231 0.00299091 0.00365462 0.00445759 0.00542904 0.00660433 0.00802623 0.00974647 0.0118277 0.0145178 0.017564 0.0212494 0.025708 0.0311022 0.0376283 0.0455236 0.0550756 1 1 1 1 1 1
 7.3951e-11 8.94678e-11 9.8711e-07 3.7333e-05 8.13051e-05 0.000134504 0.000198865 0.00027673 0.000370934 0.000484904 0.000622789 0.000789604 0.000991422 0.00123559 0.00153098 0.00188836 0.00232073 0.00284381 0.00347666 0.00424229 0.00516857 0.0062892 0.00764497 0.00928522 0.0112696 0.0138427 0.0167472 0.0202612 0.0245125 0.0296559 0.0358784 0.0434066 0.0525145 1 1 1 1 1 1 1
 8.53072e-11 1.03207e-10 2.75875e-05 6.95148e-05 0.00012024 0.000181608 0.000255852 0.000345675 0.000454346 0.000585818 0.000744876 0.000937309 0.00117012 0.00145178 0.00179254 0.0022048 0.00270356 0.00330697 0.004037 0.0049202 0.00598872 0.00728145 0.00884542 0.0107376 0.0131989 0.0159684 0.019319 0.0233726 0.0282768 0.03421 0.0413881 0.0500724 0.0605788 1 1 1 1 1 1 1
 9.84074e-11 1.82953e-05 5.82729e-05 0.000106639 0.000165153 0.000235945 0.000321591 0.000425208 0.000550566 0.000702228 0.000885712 0.0011077 0.00137626 0.00170117 0.00209426 0.00256982 0.00314518 0.00384126 0.00468339 0.00570222 0.00693483 0.00842608 0.0102302 0.0125851 0.0152258 0.0184206 0.0222857 0.0269618 0.0326191 0.0394634 0.0477439 0.0577617 1 1 1 1 1 1 1 1
 9.4352e-06 4.75537e-05 9.36704e-05 0.000149464 0.000216964 0.000298627 0.000397425 0.000516954 0.000661563 0.000836514 0.00104817 0.00130425 0.00161405 0.00198886 0.00244231 0.00299091 0.00365462 0.00445759 0.00542904 0.00660433 0.00802623 0.00974647 0.0118277 0.0145178 0.017564 0.0212494 0.025708 0.0311022 0.0376283 0.0455236 0.0550756 1 1 1 1 1 1 1 1 1
 3.7333e-05 8.13051e-05 0.000134504 0.000198865 0.00027673 0.000370934 0.000484904 0.000622789 0.000789604 0.000991422 0.00123559 0.00153098 0.00188836 0.00232073 0.00284381 0.00347666 0.00424229 0.00516857 0.0062892 0.00764497 0.00928522 0.0112696 0.0138427 0.0167472 0.0202612 0.0245125 0.0296559 0.0358784 0.0434066 0.0525145 1 1 1 1 1 1 1 1 1 1
 6.95148e-05 0.00012024 0.000181608 0.000255852 0.000345675 0.000454346 0.000585818 0.000744876 0.000937309 0.00117012 0.00145178 0.00179254 0.0022048 0.00270356 0.00330697 0.004037 0.0049202 0.00598872 0.00728145 0.00884542 0.0107376 0.0131989 0.0159684 0.019319 0.0233726 0.0282768 0.03421 0.0413881 0.0500724 0.0605788 1 1 1 1 1 1 1 1 1 1
 0.000106639 0.000165153 0.000235945 0.000321591 0.000425208 0.000550566 0.000702228 0.000885712 0.0011077 0.00137626 0.00170117 0.00209426 0.00256982 0.00314518 0.00384126 0.00468339 0.00570222 0.00693483 0.00842608 0.0102302 0.0125851 0.0152258 0.0184206 0.0222857 0.0269618 0.0326191 0.0394634 0.0477439 0.0577617 1 1 1 1 1 1 1 1 1 1 1
 0.000149464 0.000216964 0.000298627 0.000397425 0.000516954 0.000661563 0.000836514 0.00104817 0.00130425 0.00161405 0.00198886 0.00244231 0.00299091 0.00365462 0.00445759 0.00542904 0.00660433 0.00802623 0.00974647 0.0118277 0.0145178 0.017564 0.0212494 0.025708 0.0311022 0.0376283 0.0455236 0.0550756 1 1 1 1 1 1 1 1 1 1 1 1
 0.000198865 0.00027673 0.000370934 0.000484904 0.000622789 0.000789604 0.000991422 0.00123559 0.00153098 0.00188836 0.00232073 0.00284381 0.00347666 0.00424229 0.00516857 0.0062892 0.00764497 0.00928522 0.0112696 0.0138427 0.0167472 0.0202612 0.0245125 0.0296559 0.0358784 0.0434066 0.0525145 1 1 1 1 1 1 1 1 1 1 1 1 1
 0.000255852 0.000345675 0.000454346 0.000585818 0.000744876 0.000937309 0.00117012 0.00145178 0.00179254 0.0022048 0.00270356 0.00330697 0.004037 0.0049202 0.00598872 0.00728145 0.00884542 0.0107376 0.0131989 0.0159684 0.019319 0.0233726 0.0282768 0.03421 0.0413881 0.0500724 0.0605788 1 1 1 1 1 1 1 1 1 1 1 1 1
 0.000321591 0.000425208 0.000550566 0.000702228 0.000885712 0.0011077 0.00137626 0.00170117 0.00209426 0.00256982 0.00314518 0.00384126 0.00468339 0.00570222 0.00693483 0.00842608 0.0102302 0.0125851 0.0152258 0.0184206 0.0222857 0.0269618 0.0326191 0.0394634 0.0477439 0.0577617 1 1 1 1 1 1 1 1 1 1 1 1 1 1
 0.000397425 0.000516954 0.000661563 0.000836514 0.00104817 0.00130425 0.00161405 0.00198886 0.00244231 0.00299091 0.00365462 0.00445759 0.00542904 0.00660433 0.00802623 0.00974647 0.0118277 0.0145178 0.017564 0.0212494 0.025708 0.0311022 0.0376283 0.0455236 0.0550756 1 1 1 1 1 1 1 1 1 1 1 1 1 1 1
 0.000484904 0.000622789 0.000789604 0.000991422 0.00123559 0.00153098 0.00188836 0.00232073 0.00284381 0.00347666 0.00424229 0.00516857 0.0062892 0.00764497 0.00928522 0.0112696 0.0138427 0.0167472 0.0202612 0.0245125 0.0296559 0.0358784 0.0434066 0.0525145 1 1 1 1 1 1 1 1 1 1 1 1 1 1 1 1
 0.000585818 0.000744876 0.000937309 0.00117012 0.00145178 0.00179254 0.0022048 0.00270356 0.00330697 0.004037 0.0049202 0.00598872 0.00728145 0.00884542 0.0107376 0.0131989 0.0159684 0.019319 0.0233726 0.0282768 0.03421 0.0413881 0.0500724 0.0605788 1 1 1 1 1 1 1 1 1 1 1 1 1 1 1 1
 0.000702228 0.000885712 0.0011077 0.00137626 0.00170117 0.00209426 0.00256982 0.00314518 0.00384126 0.00468339 0.00570222 0.00693483 0.00842608 0.0102302 0.0125851 0.0152258 0.0184206 0.0222857 0.0269618 0.0326191 0.0394634 0.0477439 0.0577617 1 1 1 1 1 1 1 1 1 1 1 1 1 1 1 1 1
 0.000836514 0.00104817 0.00130425 0.00161405 0.00198886 0.00244231 0.00299091 0.00365462 0.00445759 0.00542904 0.00660433 0.00802623 0.00974647 0.0118277 0.0145178 0.017564 0.0212494 0.025708 0.0311022 0.0376283 0.0455236 0.0550756 1 1 1 1 1 1 1 1 1 1 1 1 1 1 1 1 1 1
 0.000991422 0.00123559 0.00153098 0.00188836 0.00232073 0.00284381 0.00347666 0.00424229 0.00516857 0.0062892 0.00764497 0.00928522 0.0112696 0.0138427 0.0167472 0.0202612 0.0245125 0.0296559 0.0358784 0.0434066 0.0525145 1 1 1 1 1 1 1 1 1 1 1 1 1 1 1 1 1 1 1
 0.00117012 0.00145178 0.00179254 0.0022048 0.00270356 0.00330697 0.004037 0.0049202 0.00598872 0.00728145 0.00884542 0.0107376 0.0131989 0.0159684 0.019319 0.0233726 0.0282768 0.03421 0.0413881 0.0500724 0.0605788 1 1 1 1 1 1 1 1 1 1 1 1 1 1 1 1 1 1 1
 0.00137626 0.00170117 0.00209426 0.00256982 0.00314518 0.00384126 0.00468339 0.00570222 0.00693483 0.00842608 0.0102302 0.0125851 0.0152258 0.0184206 0.0222857 0.0269618 0.0326191 0.0394634 0.0477439 0.0577617 1 1 1 1 1 1 1 1 1 1 1 1 1 1 1 1 1 1 1 1
 0.00161405 0.00198886 0.00244231 0.00299091 0.00365462 0.00445759 0.00542904 0.00660433 0.00802623 0.00974647 0.0118277 0.0145178 0.017564 0.0212494 0.025708 0.0311022 0.0376283 0.0455236 0.0550756 1 1 1 1 1 1 1 1 1 1 1 1 1 1 1 1 1 1 1 1 1
 0.00188836 0.00232073 0.00284381 0.00347666 0.00424229 0.00516857 0.0062892 0.00764497 0.00928522 0.0112696 0.0138427 0.0167472 0.0202612 0.0245125 0.0296559 0.0358784 0.0434066 0.0525145 1 1 1 1 1 1 1 1 1 1 1 1 1 1 1 1 1 1 1 1 1 1
 0.00215995 0.0026493 0.00324133 0.00395758 0.00482412 0.00587248 0.00714082 0.00867528 0.0105317 0.0129499 0.0156671 0.0189545 0.0229316 0.0277433 0.0335645 0.0406072 0.0491276 0.0594359 1 1 1 1 1 1 1 1 1 1 1 1 1 1 1 1 1 1 1 1 1 1
 0.00149885 0.00184948 0.00227369 0.00278691 0.00340781 0.004159 0.0050678 0.00616729 0.00749748 0.00910679 0.0110538 0.0135815 0.0164312 0.0198789 0.02405 0.0290963 0.0352015 0.0425877 0.0515237 0.0623346 1 1 1 1 1 1 1 1 1 1 1 1 1 1 1 1 1 1 1 1
 0.00102515 0.00127639 0.00158035 0.00194808 0.00239298 0.00293123 0.00358241 0.00437023 0.00532336 0.00647648 0.00787154 0.00955933 0.0116013 0.0142439 0.0172326 0.0208484 0.025223 0.0305154 0.0369183 0.0446647 0.0540365 1 1 1 1 1 1 1 1 1 1 1 1 1 1 1 1 1 1 1
 0.000685729 0.000865751 0.00108355 0.00134704 0.00166582 0.00205149 0.00251809 0.00308259 0.00376553 0.00459178 0.00559139 0.00680074 0.00826385 0.010034 0.0121755 0.0149386 0.0180731 0.0218652 0.0264531 0.0320037 0.0387189 0.0468431 0.0566719 1 1 1 1 1 1 1 1 1 1 1 1 1 1 1 1 1
 0.000442524 0.000571515 0.000727573 0.000916375 0.00114479 0.00142114 0.00175547 0.00215995 0.0026493 0.00324133 0.00395758 0.00482412 0.00587248 0.00714082 0.00867528 0.0105317 0.0129499 0.0156671 0.0189545 0.0229316 0.0277433 0.0335645 0.0406072 0.0491276 0.0594359 1 1 1 1 1 1 1 1 1 1 1 1 1 1 1
 0.00026826 0.000360686 0.000472506 0.000607789 0.000771457 0.000969467 0.00120902 0.00149885 0.00184948 0.00227369 0.00278691 0.00340781 0.004159 0.0050678 0.00616729 0.00749748 0.00910679 0.0110538 0.0135815 0.0164312 0.0198789 0.02405 0.0290963 0.0352015 0.0425877 0.0515237 0.0623346 1 1 1 1 1 1 1 1 1 1 1 1 1
 0.000143394 0.00020962 0.000289743 0.000386677 0.000503951 0.000645831 0.000817482 0.00102515 0.00127639 0.00158035 0.00194808 0.00239298 0.00293123 0.00358241 0.00437023 0.00532336 0.00647648 0.00787154 0.00955933 0.0116013 0.0142439 0.0172326 0.0208484 0.025223 0.0305154 0.0369183 0.0446647 0.0540365 1 1 1 1 1 1 1 1 1 1 1 1
 5.39238e-05 0.000101377 0.000158787 0.000228244 0.000312274 0.000413936 0.000536929 0.000685729 0.000865751 0.00108355 0.00134704 0.00166582 0.00205149 0.00251809 0.00308259 0.00376553 0.00459178 0.00559139 0.00680074 0.00826385 0.010034 0.0121755 0.0149386 0.0180731 0.0218652 0.0264531 0.0320037 0.0387189 0.0468431 0.0566719 1 1 1 1 1 1 1 1 1 1
 8.18776e-11 2.38174e-05 6.49537e-05 0.000114721 0.000174932 0.000247775 0.000335904 0.000442524 0.000571515 0.000727573 0.000916375 0.00114479 0.00142114 0.00175547 0.00215995 0.0026493 0.00324133 0.00395758 0.00482412 0.00587248 0.00714082 0.00867528 0.0105317 0.0129499 0.0156671 0.0189545 0.0229316 0.0277433 0.0335645 0.0406072 0.0491276 0.0594359 1 1 1 1 1 1 1 1
 5.31736e-11 6.83976e-11 8.68161e-11 3.3379e-05 7.65215e-05 0.000128716 0.000191863 0.00026826 0.000360686 0.000472506 0.000607789 0.000771457 0.000969467 0.00120902 0.00149885 0.00184948 0.00227369 0.00278691 0.00340781 0.004159 0.0050678 0.00616729 0.00749748 0.00910679 0.0110538 0.0135815 0.0164312 0.0198789 0.02405 0.0290963 0.0352015 0.0425877 0.0515237 0.0623346 1 1 1 1 1 1
 3.26063e-11 4.35147e-11 5.67122e-11 7.26788e-11 6.0076e-06 4.34069e-05 8.86535e-05 0.000143394 0.00020962 0.000289743 0.000386677 0.000503951 0.000645831 0.000817482 0.00102515 0.00127639 0.00158035 0.00194808 0.00239298 0.00293123 0.00358241 0.00437023 0.00532336 0.00647648 0.00787154 0.00955933 0.0116013 0.0142439 0.0172326 0.0208484 0.025223 0.0305154 0.0369183 0.0446647 0.0540365 1 1 1 1 1
 1.78692e-11 2.56855e-11 3.51418e-11 4.65823e-11 6.04233e-11 7.71687e-11 1.47005e-05 5.39238e-05 0.000101377 0.000158787 0.000228244 0.000312274 0.000413936 0.000536929 0.000685729 0.000865751 0.00108355 0.00134704 0.00166582 0.00205149 0.00251809 0.00308259 0.00376553 0.00459178 0.00559139 0.00680074 0.00826385 0.010034 0.0121755 0.0149386 0.0180731 0.0218652 0.0264531 0.0320037 0.0387189 0.0468431 0.0566719 1 1 1
 7.3096e-12 1.29102e-11 1.96859e-11 2.78835e-11 3.7801e-11 4.97995e-11 6.43156e-11 8.18776e-11 2.38174e-05 6.49537e-05 0.000114721 0.000174932 0.000247775 0.000335904 0.000442524 0.000571515 0.000727573 0.000916375 0.00114479 0.00142114 0.00175547 0.00215995 0.0026493 0.00324133 0.00395758 0.00482412 0.00587248 0.00714082 0.00867528 0.0105317 0.0129499 0.0156671 0.0189545 0.0229316 0.0277433 0.0335645 0.0406072 0.0491276 0.0594359 1
 0 3.75633e-12 8.61133e-12 1.44851e-11 2.15914e-11 3.01886e-11 4.05899e-11 5.31736e-11 6.83976e-11 8.68161e-11 3.3379e-05 7.65215e-05 0.000128716 0.000191863 0.00026826 0.000360686 0.000472506 0.000607789 0.000771457 0.000969467 0.00120902 0.00149885 0.00184948 0.00227369 0.00278691 0.00340781 0.004159 0.0050678 0.00616729 0.00749748 0.00910679 0.0110538 0.0135815 0.0164312 0.0198789 0.02405 0.0290963 0.0352015 0.0425877 0.0515237
 0 0 6.76126e-13 4.88476e-12 9.97669e-12 1.61369e-11 2.35897e-11 3.26063e-11 4.35147e-11 5.67122e-11 7.26788e-11 6.0076e-06 4.34069e-05 8.86535e-05 0.000143394 0.00020962 0.000289743 0.000386677 0.000503951 0.000645831 0.000817482 0.00102515 0.00127639 0.00158035 0.00194808 0.00239298 0.00293123 0.00358241 0.00437023 0.00532336 0.00647648 0.00787154 0.00955933 0.0116013 0.0142439 0.0172326 0.0208484 0.025223 0.0305154 0.0369183
 0 0 0 0 1.65434e-12 6.06837e-12 1.14085e-11 1.78692e-11 2.56855e-11 3.51418e-11 4.65823e-11 6.04233e-11 7.71687e-11 1.47005e-05 5.39238e-05 0.000101377 0.000158787 0.000228244 0.000312274 0.000413936 0.000536929 0.000685729 0.000865751 0.00108355 0.00134704 0.00166582 0.00205149 0.00251809 0.00308259 0.00376553 0.00459178 0.00559139 0.00680074 0.00826385 0.010034 0.0121755 0.0149386 0.0180731 0.0218652 0.0264531
 0 0 0 0 0 0 2.6803e-12 7.3096e-12 1.29102e-11 1.96859e-11 2.78835e-11 3.7801e-11 4.97995e-11 6.43156e-11 8.18776e-11 2.38174e-05 6.49537e-05 0.000114721 0.000174932 0.000247775 0.000335904 0.000442524 0.000571515 0.000727573 0.000916375 0.00114479 0.00142114 0.00175547 0.00215995 0.0026493 0.00324133 0.00395758 0.00482412 0.00587248 0.00714082 0.00867528 0.0105317 0.0129499 0.0156671 0.0189545
 0 0 0 0 0 0 0 0 3.75633e-12 8.61133e-12 1.44851e-11 2.15914e-11 3.01886e-11 4.05899e-11 5.31736e-11 6.83976e-11 8.68161e-11 3.3379e-05 7.65215e-05 0.000128716 0.000191863 0.00026826 0.000360686 0.000472506 0.000607789 0.000771457 0.000969467 0.00120902 0.00149885 0.00184948 0.00227369 0.00278691 0.00340781 0.004159 0.0050678 0.00616729 0.00749748 0.00910679 0.0110538 0.0135815
 0 0 0 0 0 0 0 0 0 1.06182e-12 5.3515e-12 1.05412e-11 1.68199e-11 2.4416e-11 3.3606e-11 4.47243e-11 5.81755e-11 7.44491e-11 9.43518e-06 4.75537e-05 9.36704e-05 0.000149464 0.000216964 0.000298627 0.000397425 0.000516954 0.000661563 0.000836514 0.00104817 0.00130425 0.00161405 0.00198886 0.00244231 0.00299091 0.00365462 0.00445759 0.00542904 0.00660433 0.00802623 0.00974647
 0 0 0 0 0 0 0 0 1.11133e-13 4.20131e-12 9.14968e-12 1.51364e-11 2.23793e-11 3.11419e-11 4.17432e-11 5.45688e-11 7.00857e-11 9.8709e-07 3.73329e-05 8.13051e-05 0.000134504 0.000198865 0.00027673 0.000370934 0.000484904 0.000622789 0.000789604 0.000991422 0.00123559 0.00153098 0.00188836 0.00232073 0.00284381 0.00347666 0.00424229 0.00516857 0.0062892 0.00764497 0.00928522 1
 0 0 0 0 0 0 0 0 3.10463e-12 7.82285e-12 1.35312e-11 2.04372e-11 2.87924e-11 3.89007e-11 5.11299e-11 6.5925e-11 8.38248e-11 2.75875e-05 6.95148e-05 0.00012024 0.000181608 0.000255852 0.000345675 0.000454346 0.000585818 0.000744876 0.000937309 0.00117012 0.00145178 0.00179254 0.0022048 0.00270356 0.00330697 0.004037 0.0049202 0.00598872 0.00728145 0.00884542 0.0107376 1
 0 0 0 0 0 0 0 2.05891e-12 6.55775e-12 1.20006e-11 1.85856e-11 2.65521e-11 3.61903e-11 4.78508e-11 6.1958e-11 7.90253e-11 1.82953e-05 5.82728e-05 0.000106639 0.000165153 0.000235945 0.000321591 0.000425208 0.000550566 0.000702228 0.000885712 0.0011077 0.00137626 0.00170117 0.00209426 0.00256982 0.00314518 0.00384126 0.00468339 0.00570222 0.00693483 0.00842608 0.0102302 1 1
 0 0 0 0 0 0 1.06182e-12 5.3515e-12 1.05412e-11 1.68199e-11 2.4416e-11 3.3606e-11 4.47243e-11 5.81755e-11 7.44491e-11 9.43518e-06 4.75537e-05 9.36704e-05 0.000149464 0.000216964 0.000298627 0.000397425 0.000516954 0.000661563 0.000836514 0.00104817 0.00130425 0.00161405 0.00198886 0.00244231 0.00299091 0.00365462 0.00445759 0.00542904 0.00660433 0.00802623 0.00974647 1 1 1
 0 0 0 0 0 1.11133e-13 4.20131e-12 9.14968e-12 1.51364e-11 2.23793e-11 3.11419e-11 4.17432e-11 5.45688e-11 7.00857e-11 9.8709e-07 3.73329e-05 8.13051e-05 0.000134504 0.000198865 0.00027673 0.000370934 0.000484904 0.000622789 0.000789604 0.000991422 0.00123559 0.00153098 0.00188836 0.00232073 0.00284381 0.00347666 0.00424229 0.00516857 0.0062892 0.00764497 0.00928522 1 1 1 1
 0 0 0 0 0 3.10463e-12 7.82285e-12 1.35312e-11 2.04372e-11 2.87924e-11 3.89007e-11 5.11299e-11 6.5925e-11 8.38248e-11 2.75875e-05 6.95148e-05 0.00012024 0.000181608 0.000255852 0.000345675 0.000454346 0.000585818 0.000744876 0.000937309 0.00117012 0.00145178 0.00179254 0.0022048 0.00270356 0.00330697 0.004037 0.0049202 0.00598872 0.00728145 0.00884542 0.0107376 1 1 1 1
 0 0 0 0 2.05891e-12 6.55775e-12 1.20006e-11 1.85856e-11 2.65521e-11 3.61903e-11 4.78508e-11 6.1958e-11 7.90253e-11 1.82953e-05 5.82728e-05 0.000106639 0.000165153 0.000235945 0.000321591 0.000425208 0.000550566 0.000702228 0.000885712 0.0011077 0.00137626 0.00170117 0.00209426 0.00256982 0.00314518 0.00384126 0.00468339 0.00570222 0.00693483 0.00842608 0.0102302 1 1 1 1 1
 0 0 0 1.06182e-12 5.3515e-12 1.05412e-11 1.68199e-11 2.4416e-11 3.3606e-11 4.47243e-11 5.81755e-11 7.44491e-11 9.43518e-06 4.75537e-05 9.36704e-05 0.000149464 0.000216964 0.000298627 0.000397425 0.000516954 0.000661563 0.000836514 0.00104817 0.00130425 0.00161405 0.00198886 0.00244231 0.00299091 0.00365462 0.00445759 0.00542904 0.00660433 0.00802623 0.00974647 1 1 1 1 1 1
 0 0 1.11133e-13 4.20131e-12 9.14968e-12 1.51364e-11 2.23793e-11 3.11419e-11 4.17432e-11 5.45688e-11 7.00857e-11 9.8709e-07 3.73329e-05 8.13051e-05 0.000134504 0.000198865 0.00027673 0.000370934 0.000484904 0.000622789 0.000789604 0.000991422 0.00123559 0.00153098 0.00188836 0.00232073 0.00284381 0.00347666 0.00424229 0.00516857 0.0062892 0.00764497 0.00928522 1 1 1 1 1 1 1
 0 0 3.10463e-12 7.82285e-12 1.35312e-11 2.04372e-11 2.87924e-11 3.89007e-11 5.11299e-11 6.5925e-11 8.38248e-11 2.75875e-05 6.95148e-05 0.00012024 0.000181608 0.000255852 0.000345675 0.000454346 0.000585818 0.000744876 0.000937309 0.00117012 0.00145178 0.00179254 0.0022048 0.00270356 0.00330697 0.004037 0.0049202 0.00598872 0.00728145 0.00884542 0.0107376 1 1 1 1 1 1 1
 0 2.05891e-12 6.55775e-12 1.20006e-11 1.85856e-11 2.65521e-11 3.61903e-11 4.78508e-11 6.1958e-11 7.90253e-11 1.82953e-05 5.82728e-05 0.000106639 0.000165153 0.000235945 0.000321591 0.000425208 0.000550566 0.000702228 0.000885712 0.0011077 0.00137626 0.00170117 0.00209426 0.00256982 0.00314518 0.00384126 0.00468339 0.00570222 0.00693483 0.00842608 0.0102302 1 1 1 1 1 1 1 1
 1.06182e-12 5.3515e-12 1.05412e-11 1.68199e-11 2.4416e-11 3.3606e-11 4.47243e-11 5.81755e-11 7.44491e-11 9.43518e-06 4.75537e-05 9.36704e-05 0.000149464 0.000216964 0.000298627 0.000397425 0.000516954 0.000661563 0.000836514 0.00104817 0.00130425 0.00161405 0.00198886 0.00244231 0.00299091 0.00365462 0.00445759 0.00542904 0.00660433 0.00802623 0.00974647 1 1 1 1 1 1 1 1 1
 4.20131e-12 9.14968e-12 1.51364e-11 2.23793e-11 3.11419e-11 4.17432e-11 5.45688e-11 7.00857e-11 9.8709e-07 3.73329e-05 8.13051e-05 0.000134504 0.000198865 0.00027673 0.000370934 0.000484904 0.000622789 0.000789604 0.000991422 0.00123559 0.00153098 0.00188836 0.00232073 0.00284381 0.00347666 0.00424229 0.00516857 0.0062892 0.00764497 0.00928522 1 1 1 1 1 1 1 1 1 1
 7.82285e-12 1.35312e-11 2.04372e-11 2.87924e-11 3.89007e-11 5.11299e-11 6.5925e-11 8.38248e-11 2.75875e-05 6.95148e-05 0.00012024 0.000181608 0.000255852 0.000345675 0.000454346 0.000585818 0.000744876 0.000937309 0.00117012 0.00145178 0.00179254 0.0022048 0.00270356 0.00330697 0.004037 0.0049202 0.00598872 0.00728145 0.00884542 0.0107376 1 1 1 1 1 1 1 1 1 1
 1.20006e-11 1.85856e-11 2.65521e-11 3.61903e-11 4.78508e-11 6.1958e-11 7.90253e-11 1.82953e-05 5.82728e-05 0.000106639 0.000165153 0.000235945 0.000321591 0.000425208 0.000550566 0.000702228 0.000885712 0.0011077 0.00137626 0.00170117 0.00209426 0.00256982 0.00314518 0.00384126 0.00468339 0.00570222 0.00693483 0.00842608 0.0102302 1 1 1 1 1 1 1 1 1 1 1
 1.68199e-11 2.4416e-11 3.3606e-11 4.47243e-11 5.81755e-11 7.44491e-11 9.43518e-06 4.75537e-05 9.36704e-05 0.000149464 0.000216964 0.000298627 0.000397425 0.000516954 0.000661563 0.000836514 0.00104817 0.00130425 0.00161405 0.00198886 0.00244231 0.00299091 0.00365462 0.00445759 0.00542904 0.00660433 0.00802623 0.00974647 1 1 1 1 1 1 1 1 1 1 1 1
 2.23793e-11 3.11419e-11 4.17432e-11 5.45688e-11 7.00857e-11 9.8709e-07 3.73329e-05 8.13051e-05 0.000134504 0.000198865 0.00027673 0.000370934 0.000484904 0.000622789 0.000789604 0.000991422 0.00123559 0.00153098 0.00188836 0.00232073 0.00284381 0.00347666 0.00424229 0.00516857 0.0062892 0.00764497 0.00928522 1 1 1 1 1 1 1 1 1 1 1 1 1
 2.87924e-11 3.89007e-11 5.11299e-11 6.5925e-11 8.38248e-11 2.75875e-05 6.95148e-05 0.00012024 0.000181608 0.000255852 0.000345675 0.000454346 0.000585818 0.000744876 0.000937309 0.00117012 0.00145178 0.00179254 0.0022048 0.00270356 0.00330697 0.004037 0.0049202 0.00598872 0.00728145 0.00884542 0.0107376 1 1 1 1 1 1 1 1 1 1 1 1 1
 3.61903e-11 4.78508e-11 6.1958e-11 7.90253e-11 1.82953e-05 5.82728e-05 0.000106639 0.000165153 0.000235945 0.000321591 0.000425208 0.000550566 0.000702228 0.000885712 0.0011077 0.00137626 0.00170117 0.00209426 0.00256982 0.00314518 0.00384126 0.00468339 0.00570222 0.00693483 0.00842608 0.0102302 1 1 1 1 1 1 1 1 1 1 1 1 1 1
 4.47243e-11 5.81755e-11 7.44491e-11 9.43518e-06 4.75537e-05 9.36704e-05 0.000149464 0.000216964 0.000298627 0.000397425 0.000516954 0.000661563 0.000836514 0.00104817 0.00130425 0.00161405 0.00198886 0.00244231 0.00299091 0.00365462 0.00445759 0.00542904 0.00660433 0.00802623 0.00974647 1 1 1 1 1 1 1 1 1 1 1 1 1 1 1
 5.45688e-11 7.00857e-11 9.8709e-07 3.73329e-05 8.13051e-05 0.000134504 0.000198865 0.00027673 0.000370934 0.000484904 0.000622789 0.000789604 0.000991422 0.00123559 0.00153098 0.00188836 0.00232073 0.00284381 0.00347666 0.00424229 0.00516857 0.0062892 0.00764497 0.00928522 1 1 1 1 1 1 1 1 1 1 1 1 1 1 1 1
 6.5925e-11 8.38248e-11 2.75875e-05 6.95148e-05 0.00012024 0.000181608 0.000255852 0.000345675 0.000454346 0.000585818 0.000744876 0.000937309 0.00117012 0.00145178 0.00179254 0.0022048 0.00270356 0.00330697 0.004037 0.0049202 0.00598872 0.00728145 0.00884542 0.0107376 1 1 1 1 1 1 1 1 1 1 1 1 1 1 1 1
 7.90253e-11 1.82953e-05 5.82728e-05 0.000106639 0.000165153 0.000235945 0.000321591 0.000425208 0.000550566 0.000702228 0.000885712 0.0011077 0.00137626 0.00170117 0.00209426 0.00256982 0.00314518 0.00384126 0.00468339 0.00570222 0.00693483 0.00842608 0.0102302 1 1 1 1 1 1 1 1 1 1 1 1 1 1 1 1 1
 9.43518e-06 4.75537e-05 9.36704e-05 0.000149464 0.000216964 0.000298627 0.000397425 0.000516954 0.000661563 0.000836514 0.00104817 0.00130425 0.00161405 0.00198886 0.00244231 0.00299091 0.00365462 0.00445759 0.00542904 0.00660433 0.00802623 0.00974647 1 1 1 1 1 1 1 1 1 1 1 1 1 1 1 1 1 1
 3.73329e-05 8.13051e-05 0.000134504 0.000198865 0.00027673 0.000370934 0.000484904 0.000622789 0.000789604 0.000991422 0.00123559 0.00153098 0.00188836 0.00232073 0.00284381 0.00347666 0.00424229 0.00516857 0.0062892 0.00764497 0.00928522 1 1 1 1 1 1 1 1 1 1 1 1 1 1 1 1 1 1 1
 6.95148e-05 0.00012024 0.000181608 0.000255852 0.000345675 0.000454346 0.000585818 0.000744876 0.000937309 0.00117012 0.00145178 0.00179254 0.0022048 0.00270356 0.00330697 0.004037 0.0049202 0.00598872 0.00728145 0.00884542 0.0107376 1 1 1 1 1 1 1 1 1 1 1 1 1 1 1 1 1 1 1
 0.000106639 0.000165153 0.000235945 0.000321591 0.000425208 0.000550566 0.000702228 0.000885712 0.0011077 0.00137626 0.00170117 0.00209426 0.00256982 0.00314518 0.00384126 0.00468339 0.00570222 0.00693483 0.00842608 0.0102302 1 1 1 1 1 1 1 1 1 1 1 1 1 1 1 1 1 1 1 1
 0.000149464 0.000216964 0.000298627 0.000397425 0.000516954 0.000661563 0.000836514 0.00104817 0.00130425 0.00161405 0.00198886 0.00244231 0.00299091 0.00365462 0.00445759 0.00542904 0.00660433 0.00802623 0.00974647 1 1 1 1 1 1 1 1 1 1 1 1 1 1 1 1 1 1 1 1 1
 0.000198865 0.00027673 0.000370934 0.000484904 0.000622789 0.000789604 0.000991422 0.00123559 0.00153098 0.00188836 0.00232073 0.00284381 0.00347666 0.00424229 0.00516857 0.0062892 0.00764497 0.00928522 1 1 1 1 1 1 1 1 1 1 1 1 1 1 1 1 1 1 1 1 1 1
 0.000247775 0.000335904 0.000442524 0.000571515 0.000727573 0.000916375 0.00114479 0.00142114 0.00175547 0.00215995 0.0026493 0.00324133 0.00395758 0.00482412 0.00587248 0.00714082 0.00867528 0.0105317 1 1 1 1 1 1 1 1 1 1 1 1 1 1 1 1 1 1 1 1 1 1
 0.000128716 0.000191863 0.00026826 0.000360686 0.000472506 0.000607789 0.000771457 0.000969467 0.00120902 0.00149885 0.00184948 0.00227369 0.00278691 0.00340781 0.004159 0.0050678 0.00616729 0.00749748 0.00910679 0.0110538 1 1 1 1 1 1 1 1 1 1 1 1 1 1 1 1 1 1 1 1
 4.34069e-05 8.86535e-05 0.000143394 0.00020962 0.000289743 0.000386677 0.000503951 0.000645831 0.000817482 0.00102515 0.00127639 0.00158035 0.00194808 0.00239298 0.00293123 0.00358241 0.00437023 0.00532336 0.00647648 0.00787154 0.00955933 1 1 1 1 1 1 1 1 1 1 1 1 1 1 1 1 1 1 1
 7.71687e-11 1.47005e-05 5.39238e-05 0.000101377 0.000158787 0.000228244 0.000312274 0.000413936 0.000536929 0.000685729 0.000865751 0.00108355 0.00134704 0.00166582 0.00205149 0.00251809 0.00308259 0.00376553 0.00459178 0.00559139 0.00680074 0.00826385 0.010034 1 1 1 1 1 1 1 1 1 1 1 1 1 1 1 1 1
 4.97995e-11 6.43156e-11 8.18776e-11 2.38174e-05 6.49537e-05 0.000114721 0.000174932 0.000247775 0.000335904 0.000442524 0.000571515 0.000727573 0.000916375 0.00114479 0.00142114 0.00175547 0.00215995 0.0026493 0.00324133 0.00395758 0.00482412 0.00587248 0.00714082 0.00867528 0.0105317 1 1 1 1 1 1 1 1 1 1 1 1 1 1 1
 3.01886e-11 4.05899e-11 5.31736e-11 6.83976e-11 8.68161e-11 3.3379e-05 7.65215e-05 0.000128716 0.000191863 0.00026826 0.000360686 0.000472506 0.000607789 0.000771457 0.000969467 0.00120902 0.00149885 0.00184948 0.00227369 0.00278691 0.00340781 0.004159 0.0050678 0.00616729 0.00749748 0.00910679 0.0110538 1 1 1 1 1 1 1 1 1 1 1 1 1
 1.61369e-11 2.35897e-11 3.26063e-11 4.35147e-11 5.67122e-11 7.26788e-11 6.0076e-06 4.34069e-05 8.86535e-05 0.000143394 0.00020962 0.000289743 0.000386677 0.000503951 0.000645831 0.000817482 0.00102515 0.00127639 0.00158035 0.00194808 0.00239298 0.00293123 0.00358241 0.00437023 0.00532336 0.00647648 0.00787154 0.00955933 1 1 1 1 1 1 1 1 1 1 1 1
 6.06837e-12 1.14085e-11 1.78692e-11 2.56855e-11 3.51418e-11 4.65823e-11 6.04233e-11 7.71687e-11 1.47005e-05 5.39238e-05 0.000101377 0.000158787 0.000228244 0.000312274 0.000413936 0.000536929 0.000685729 0.000865751 0.00108355 0.00134704 0.00166582 0.00205149 0.00251809 0.00308259 0.00376553 0.00459178 0.00559139 0.00680074 0.00826385 0.010034 1 1 1 1 1 1 1 1 1 1
 0 2.6803e-12 7.3096e-12 1.29102e-11 1.96859e-11 2.78835e-11 3.7801e-11 4.97995e-11 6.43156e-11 8.18776e-11 2.38174e-05 6.49537e-05 0.000114721 0.000174932 0.000247775 0.000335904 0.000442524 0.000571515 0.000727573 0.000916375 0.00114479 0.00142114 0.00175547 0.00215995 0.0026493 0.00324133 0.00395758 0.00482412 0.00587248 0.00714082 0.00867528 0.0105317 1 1 1 1 1 1 1 1
 0 0 0 3.75633e-12 8.61133e-12 1.44851e-11 2.15914e-11 3.01886e-11 4.05899e-11 5.31736e-11 6.83976e-11 8.68161e-11 3.3379e-05 7.65215e-05 0.000128716 0.000191863 0.00026826 0.000360686 0.000472506 0.000607789 0.000771457 0.000969467 0.00120902 0.00149885 0.00184948 0.00227369 0.00278691 0.00340781 0.004159 0.0050678 0.00616729 0.00749748 0.00910679 0.0110538 1 1 1 1 1 1
 0 0 0 0 6.76126e-13 4.88476e-12 9.97669e-12 1.61369e-11 2.35897e-11 3.26063e-11 4.35147e-11 5.67122e-11 7.26788e-11 6.0076e-06 4.34069e-05 8.86535e-05 0.000143394 0.00020962 0.000289743 0.000386677 0.000503951 0.000645831 0.000817482 0.00102515 0.00127639 0.00158035 0.00194808 0.00239298 0.00293123 0.00358241 0.00437023 0.00532336 0.00647648 0.00787154 0.00955933 1 1 1 1 1
 0 0 0 0 0 0 1.65434e-12 6.06837e-12 1.14085e-11 1.78692e-11 2.56855e-11 3.51418e-11 4.65823e-11 6.04233e-11 7.71687e-11 1.47005e-05 5.39238e-05 0.000101377 0.000158787 0.000228244 0.000312274 0.000413936 0.000536929 0.000685729 0.000865751 0.00108355 0.00134704 0.00166582 0.00205149 0.00251809 0.00308259 0.00376553 0.00459178 0.00559139 0.00680074 0.00826385 0.010034 1 1 1
 0 0 0 0 0 0 0 0 2.6803e-12 7.3096e-12 1.29102e-11 1.96859e-11 2.78835e-11 3.7801e-11 4.97995e-11 6.43156e-11 8.18776e-11 2.38174e-05 6.49537e-05 0.000114721 0.000174932 0.000247775 0.000335904 0.000442524 0.000571515 0.000727573 0.000916375 0.00114479 0.00142114 0.00175547 0.00215995 0.0026493 0.00324133 0.00395758 0.00482412 0.00587248 0.00714082 0.00867528 0.0105317 1
 0 0 0 0 0 0 0 0 0 0 3.75633e-12 8.61133e-12 1.44851e-11 2.15914e-11 3.01886e-11 4.05899e-11 5.31736e-11 6.83976e-11 8.68161e-11 3.3379e-05 7.65215e-05 0.000128716 0.000191863 0.00026826 0.000360686 0.000472506 0.000607789 0.000771457 0.000969467 0.00120902 0.00149885 0.00184948 0.00227369 0.00278691 0.00340781 0.004159 0.0050678 0.00616729 0.00749748 0.00910679
 0 0 0 0 0 0 0 0 0 0 0 6.76126e-13 4.88476e-12 9.97669e-12 1.61369e-11 2.35897e-11 3.26063e-11 4.35147e-11 5.67122e-11 7.26788e-11 6.0076e-06 4.34069e-05 8.86535e-05 0.000143394 0.00020962 0.000289743 0.000386677 0.000503951 0.000645831 0.000817482 0.00102515 0.00127639 0.00158035 0.00194808 0.00239298 0.00293123 0.00358241 0.00437023 0.00532336 0.00647648
 0 0 0 0 0 0 0 0 0 0 0 0 0 1.65434e-12 6.06837e-12 1.14085e-11 1.78692e-11 2.56855e-11 3.51418e-11 4.65823e-11 6.04233e-11 7.71687e-11 1.47005e-05 5.39238e-05 0.000101377 0.000158787 0.000228244 0.000312274 0.000413936 0.000536929 0.000685729 0.000865751 0.00108355 0.00134704 0.00166582 0.00205149 0.00251809 0.00308259 0.00376553 0.00459178
 0 0 0 0 0 0 0 0 0 0 0 0 0 0 0 2.6803e-12 7.3096e-12 1.29102e-11 1.96859e-11 2.78835e-11 3.7801e-11 4.97995e-11 6.43156e-11 8.18776e-11 2.38174e-05 6.49537e-05 0.000114721 0.000174932 0.000247775 0.000335904 0.000442524 0.000571515 0.000727573 0.000916375 0.00114479 0.00142114 0.00175547 0.00215995 0.0026493 0.00324133
 0 0 0 0 0 0 0 0 0 0 0 0 0 0 0 0 0 3.75633e-12 8.61133e-12 1.44851e-11 2.15914e-11 3.01886e-11 4.05899e-11 5.31736e-11 6.83976e-11 8.68161e-11 3.3379e-05 7.65215e-05 0.000128716 0.000191863 0.00026826 0.000360686 0.000472506 0.000607789 0.000771457 0.000969467 0.00120902 0.00149885 0.00184948 0.00227369
 0 0 0 0 0 0 0 0 0 0 0 0 0 0 0 0 0 0 1.06182e-12 5.3515e-12 1.05412e-11 1.68199e-11 2.4416e-11 3.3606e-11 4.47243e-11 5.81755e-11 7.44491e-11 9.43518e-06 4.75537e-05 9.36704e-05 0.000149464 0.000216964 0.000298627 0.000397425 0.000516954 0.000661563 0.000836514 0.00104817 0.00130425 0.00161405
 0 0 0 0 0 0 0 0 0 0 0 0 0 0 0 0 0 1.11133e-13 4.20131e-12 9.14968e-12 1.51364e-11 2.23793e-11 3.11419e-11 4.17432e-11 5.45688e-11 7.00857e-11 9.8709e-07 3.73329e-05 8.13051e-05 0.000134504 0.000198865 0.00027673 0.000370934 0.000484904 0.000622789 0.000789604 0.000991422 0.00123559 0.00153098 1
 0 0 0 0 0 0 0 0 0 0 0 0 0 0 0 0 0 3.10463e-12 7.82285e-12 1.35312e-11 2.04372e-11 2.87924e-11 3.89007e-11 5.11299e-11 6.5925e-11 8.38248e-11 2.75875e-05 6.95148e-05 0.00012024 0.000181608 0.000255852 0.000345675 0.000454346 0.000585818 0.000744876 0.000937309 0.00117012 0.00145178 0.00179254 1
 0 0 0 0 0 0 0 0 0 0 0 0 0 0 0 0 2.05891e-12 6.55775e-12 1.20006e-11 1.85856e-11 2.65521e-11 3.61903e-11 4.78508e-11 6.1958e-11 7.90253e-11 1.82953e-05 5.82728e-05 0.000106639 0.000165153 0.000235945 0.000321591 0.000425208 0.000550566 0.000702228 0.000885712 0.0011077 0.00137626 0.00170117 1 1
 0 0 0 0 0 0 0 0 0 0 0 0 0 0 0 1.06182e-12 5.3515e-12 1.05412e-11 1.68199e-11 2.4416e-11 3.3606e-11 4.47243e-11 5.81755e-11 7.44491e-11 9.43518e-06 4.75537e-05 9.36704e-05 0.000149464 0.000216964 0.000298627 0.000397425 0.000516954 0.000661563 0.000836514 0.00104817 0.00130425 0.00161405 1 1 1
 0 0 0 0 0 0 0 0 0 0 0 0 0 0 1.11133e-13 4.20131e-12 9.14968e-12 1.51364e-11 2.23793e-11 3.11419e-11 4.17432e-11 5.45688e-11 7.00857e-11 9.8709e-07 3.73329e-05 8.13051e-05 0.000134504 0.000198865 0.00027673 0.000370934 0.000484904 0.000622789 0.000789604 0.000991422 0.00123559 0.00153098 1 1 1 1
 0 0 0 0 0 0 0 0 0 0 0 0 0 0 3.10463e-12 7.82285e-12 1.35312e-11 2.04372e-11 2.87924e-11 3.89007e-11 5.11299e-11 6.5925e-11 8.38248e-11 2.75875e-05 6.95148e-05 0.00012024 0.000181608 0.000255852 0.000345675 0.000454346 0.000585818 0.000744876 0.000937309 0.00117012 0.00145178 0.00179254 1 1 1 1
 0 0 0 0 0 0 0 0 0 0 0 0 0 2.05891e-12 6.55775e-12 1.20006e-11 1.85856e-11 2.65521e-11 3.61903e-11 4.78508e-11 6.1958e-11 7.90253e-11 1.82953e-05 5.82728e-05 0.000106639 0.000165153 0.000235945 0.000321591 0.000425208 0.000550566 0.000702228 0.000885712 0.0011077 0.00137626 0.00170117 1 1 1 1 1
