 0 0 0 0 0 0 0 0 0 0 0 0 0 0 0 0 0 0 0 0 0 0 0 0 0 0 0 0 0 0 0 0 0 0 0 0 0 0 0 0
 0 0 0 0 0 0 0 0 0 0 0 0 0 0 0 0 0 0 0 0 0 0 0 0 0 0 0 0 0 0 0 0 0 0 0 0 0 0 0 0
 0 0 0 0 0 0 0 0 0 0 0 0 0 0 0 0 0 0 0 0 0 0 0 0 0 0 0 0 0 0 0 0 0 0 0 0 0 0 0 0
 0 0 0 0 0 0 0 0 0 0 0 0 0 0 0 0 0 0 0 0 0 0 0 0 0 0 0 0 0 0 0 0 0 0 0 0 0 0 0 0
 0 0 0 0 0 0 0 0 0 0 0 0 0 0 0 0 0 0 0 0 0 0 0 0 0 0 0 0 0 0 0 0 0 0 0 0 0 0 0 0
 0 0 0 0 0 0 0 0 0 0 0 0 0 0 0 0 0 0 0 0 0 0 0 0 0 0 0 0 0 0 0 0 0 0 0 0 0 0 0 0
 0 0 0 0 0 0 0 0 0 0 0 0 0 0 0 0 0 0 0 0 0 0 0 0 0 0 0 0 0 0 0 0 0 0 0 0 0 0 0 0
 0 0 0 0 0 0 0 0 0 0 0 0 0 0 0 0 0 0 0 0 0 0 0 0 0 0 0 0 0 0 0 0 0 0 0 0 0 0 0 0
 0 0 0 0 0 0 0 0 0 0 0 0 0 0 0 0 0 0 0 0 0 0 0 0 0 0 0 0 0 0 0 0 0 0 0 0 0 0 0 0
 0 0 0 0 0 0 0 0 0 0 0 0 0 0 0 0 0 0 0 0 0 0 0 0 0 0 0 0 0 0 0 0 0 0 0 0 0 0 0 0
 0 0 0 0 0 0 0 0 0 0 0 0 0 0 0 0 0 0 0 0 0 0 0 0 0 0 0 0 0 0 0 0 0 0 0 0 0 0 0 0
 0 0 0 0 0 0 0 0 0 0 0 0 0 0 0 0 0 0 0 0 0 0 0 0 0 0 0 0 0 0 0 0 0 0 0 0 0 0 0 0
 0 0 0 0 0 0 0 0 0 0 0 0 0 0 0 0 0 0 0 0 0 0 0 0 0 0 0 0 0 0 0 0 0 0 0 0 0 0 0 0
 0 0 0 0 0 0 0 0 0 0 0 0 0 0 0 0 0 0 0 0 0 0 0 0 0 0 0 0 0 0 0 0 0 0 0 0 0 0 0 0
 0 0 0 0 0 0 0 0 0 0 0 0 0 0 0 0 0 0 0 0 0 0 0 0 0 0 0 0 0 0 0 0 0 0 0 0 0 0 0 0
 0 0 0 0 0 0 0 0 0 0 0 0 0 0 0 0 0 0 0 0 0 0 0 0 0 0 0 0 0 0 0 0 0 0 0 0 0 0 0 0
 0 0 0 0 0 0 0 0 0 0 0 0 0 0 0 0 0 0 0 0 0 0 0 0 0 0 0 0 0 0 0 0 0 0 0 0 0 0 0 0
 0 0 0 0 0 0 0 0 0 0 0 0 0 0 0 0 0 0 0 0 0 0 0 0 0 0 0 0 0 0 0 0 0 0 0 0 0 0 0 0
 0 0 0 0 0 0 0 0 0 0 0 0 0 0 0 0 0 0 0 0 0 0 0 0 0 0 0 0 0 0 0 0 0 0 0 0 0 0 0 0
 0 0 0 0 0 0 0 0 0 0 0 0 0 0 0 0 0 0 0 0 0 0 0 0 0 0 0 0 0 0 0 0 0 0 0 0 0 0 0 1
 0 0 0 0 0 0 0 0 0 0 0 0 0 0 0 0 0 0 0 0 0 0 0 0 0 0 0 0 0 0 0 0 0 0 0 0 0 0 0 1
 0 0 0 0 0 0 0 0 0 0 0 0 0 0 0 0 0 0 0 0 0 0 0 0 0 0 0 0 0 0 0 0 0 0 0 0 0 0 1 1
 0 0 0 0 0 0 0 0 0 0 0 0 0 0 0 0 0 0 0 0 0 0 0 0 0 0 0 0 0 0 0 0 0 0 0 0 0 1 1 1
 0 0 0 0 0 0 0 0 0 0 0 0 0 0 0 0 0 0 0 0 0 0 0 0 0 0 0 0 0 0 0 0 0 0 0 0 1 1 1 1
 0 0 0 0 0 0 0 0 0 0 0 0 0 0 0 0 0 0 0 0 0 0 0 0 0 0 0 0 0 0 0 0 0 0 0 0 1 1 1 1
 0 0 0 0 0 0 0 0 0 0 0 0 0 0 0 0 0 0 0 0 0 0 0 0 0 0 0 0 0 0 0 0 0 0 0 1 1 1 1 1
 0 0 0 0 0 0 0 0 0 0 0 0 0 0 0 0 0 0 0 0 0 0 0 0 0 0 0 0 0 0 0 0 0 0 1 1 1 1 1 1
 0 0 0 0 0 0 0 0 0 0 0 0 0 0 0 0 0 0 0 0 0 0 0 0 0 0 0 0 0 0 0 0 0 1 1 1 1 1 1 1
 0 0 0 0 0 0 0 0 0 0 0 0 0 0 0 0 0 0 0 0 0 0 0 0 0 0 0 0 0 0 0 0 0 1 1 1 1 1 1 1
 0 0 0 0 0 0 0 0 0 0 0 0 0 0 0 0 0 0 0 0 0 0 0 0 0 0 0 0 0 0 0 0 1 1 1 1 1 1 1 1
 0 0 0 0 0 0 0 0 0 0 0 0 0 0 0 0 0 0 0 0 0 0 0 0 0 0 0 0 0 0 0 1 1 1 1 1 1 1 1 1
 0 0 0 0 0 0 0 0 0 0 0 0 0 0 0 0 0 0 0 0 0 0 0 0 0 0 0 0 0 0 1 1 1 1 1 1 1 1 1 1
 0 0 0 0 0 0 0 0 0 0 0 0 0 0 0 0 0 0 0 0 0 0 0 0 0 0 0 0 0 0 1 1 1 1 1 1 1 1 1 1
 0 0 0 0 0 0 0 0 0 0 0 0 0 0 0 0 0 0 0 0 0 0 0 0 0 0 0 0 0 1 1 1 1 1 1 1 1 1 1 1
 0 0 0 0 0 0 0 0 0 0 0 0 0 0 0 0 0 0 0 0 0 0 0 0 0 0 0 0 1 1 1 1 1 1 1 1 1 1 1 1
 0 0 0 0 0 0 0 0 0 0 0 0 0 0 0 0 0 0 0 0 0 0 0 0 0 0 0 1 1 1 1 1 1 1 1 1 1 1 1 1
 0 0 0 0 0 0 0 0 0 0 0 0 0 0 0 0 0 0 0 0 0 0 0 0 0 0 0 1 1 1 1 1 1 1 1 1 1 1 1 1
 0 0 0 0 0 0 0 0 0 0 0 0 0 0 0 0 0 0 0 0 0 0 0 0 0 0 1 1 1 1 1 1 1 1 1 1 1 1 1 1
 0 0 0 0 0 0 0 0 0 0 0 0 0 0 0 0 0 0 0 0 0 0 0 0 0 1 1 1 1 1 1 1 1 1 1 1 1 1 1 1
 0 0 0 0 0 0 0 0 0 0 0 0 0 0 0 0 0 0 0 0 1.70725e-05 1.84655e-05 1.99721e-05 2.16016e-05 1 1 1 1 1 1 1 1 1 1 1 1 1 1 1 1
 0 0 0 0 0 0 0 0 0 0 0 0 0 0 0 1.2233e-05 1.32311e-05 1.43106e-05 1.54782e-05 1.6741e-05 1.81069e-05 1.95843e-05 2.11821e-05 2.29104e-05 1 1 1 1 1 1 1 1 1 1 1 1 1 1 1 1
 0 0 0 0 0 0 0 0 0 0 8.76533e-06 9.48049e-06 1.0254e-05 1.10906e-05 1.19955e-05 1.29742e-05 1.40327e-05 1.51777e-05 1.6416e-05 1.77554e-05 1.9204e-05 2.07708e-05 2.24655e-05 1 1 1 1 1 1 1 1 1 1 1 1 1 1 1 1 1
 0 0 0 0 0 6.28064e-06 6.79307e-06 7.34731e-06 7.94677e-06 8.59514e-06 9.29641e-06 1.00549e-05 1.08753e-05 1.17626e-05 1.27223e-05 1.37603e-05 1.4883e-05 1.60972e-05 1.74106e-05 1.88311e-05 2.03675e-05 2.20293e-05 1 1 1 1 1 1 1 1 1 1 1 1 1 1 1 1 1 1
 4.50027e-06 4.86745e-06 5.26458e-06 5.69411e-06 6.15869e-06 6.66117e-06 7.20465e-06 7.79247e-06 8.42825e-06 9.1159e-06 9.85966e-06 1.06641e-05 1.15342e-05 1.24752e-05 1.34931e-05 1.4594e-05 1.57847e-05 1.70725e-05 1.84655e-05 1.99721e-05 2.16016e-05 1 1 1 1 1 1 1 1 1 1 1 1 1 1 1 1 1 1 1
 4.77294e-06 5.16236e-06 5.58355e-06 6.0391e-06 6.53183e-06 7.06476e-06 7.64116e-06 8.2646e-06 8.9389e-06 9.66822e-06 1.0457e-05 1.13102e-05 1.2233e-05 1.32311e-05 1.43106e-05 1.54782e-05 1.6741e-05 1.81069e-05 1.95843e-05 2.11821e-05 2.29104e-05 1 1 1 1 1 1 1 1 1 1 1 1 1 1 1 1 1 1 1
 5.06212e-06 5.47513e-06 5.92184e-06 6.405e-06 6.92758e-06 7.4928e-06 8.10413e-06 8.76533e-06 9.48049e-06 1.0254e-05 1.10906e-05 1.19955e-05 1.29742e-05 1.40327e-05 1.51777e-05 1.6416e-05 1.77554e-05 1.9204e-05 2.07708e-05 2.24655e-05 1 1 1 1 1 1 1 1 1 1 1 1 1 1 1 1 1 1 1 1
 5.36882e-06 5.80686e-06 6.28064e-06 6.79307e-06 7.34731e-06 7.94677e-06 8.59514e-06 9.29641e-06 1.00549e-05 1.08753e-05 1.17626e-05 1.27223e-05 1.37603e-05 1.4883e-05 1.60972e-05 1.74106e-05 1.88311e-05 2.03675e-05 2.20293e-05 1 1 1 1 1 1 1 1 1 1 1 1 1 1 1 1 1 1 1 1 1
 5.69411e-06 6.15869e-06 6.66117e-06 7.20465e-06 7.79247e-06 8.42825e-06 9.1159e-06 9.85966e-06 1.06641e-05 1.15342e-05 1.24752e-05 1.34931e-05 1.4594e-05 1.57847e-05 1.70725e-05 1.84655e-05 1.99721e-05 2.16016e-05 1 1 1 1 1 1 1 1 1 1 1 1 1 1 1 1 1 1 1 1 1 1
 5.99192e-06 6.4808e-06 7.00956e-06 7.58147e-06 8.20003e-06 8.86907e-06 9.59268e-06 1.03753e-05 1.12219e-05 1.21374e-05 1.31277e-05 1.41988e-05 1.53573e-05 1.66103e-05 1.79655e-05 1.94313e-05 2.10166e-05 2.27314e-05 1 1 1 1 1 1 1 1 1 1 1 1 1 1 1 1 1 1 1 1 1 1
 1.43753e-06 1.99308e-06 6.11057e-06 6.60913e-06 7.14836e-06 7.73159e-06 8.3624e-06 9.04468e-06 9.78263e-06 1.05808e-05 1.14441e-05 1.23778e-05 1.33877e-05 1.448e-05 1.56614e-05 1.69392e-05 1.83212e-05 1.9816e-05 2.14328e-05 2.31815e-05 1 1 1 1 1 1 1 1 1 1 1 1 1 1 1 1 1 1 1 1
 5.92821e-07 1.05704e-06 1.57103e-06 2.14133e-06 6.23157e-06 6.74e-06 7.28991e-06 7.88469e-06 8.52799e-06 9.22378e-06 9.97634e-06 1.07903e-05 1.16707e-05 1.26229e-05 1.36528e-05 1.47667e-05 1.59715e-05 1.72746e-05 1.8684e-05 2.02084e-05 2.18572e-05 1 1 1 1 1 1 1 1 1 1 1 1 1 1 1 1 1 1 1
 3.16572e-07 3.82997e-07 7.04535e-07 1.18063e-06 1.70805e-06 2.29357e-06 6.35496e-06 6.87346e-06 7.43426e-06 8.04081e-06 8.69686e-06 9.40642e-06 1.01739e-05 1.1004e-05 1.19018e-05 1.28728e-05 1.39231e-05 1.50591e-05 1.62877e-05 1.76166e-05 1.9054e-05 2.06086e-05 2.229e-05 1 1 1 1 1 1 1 1 1 1 1 1 1 1 1 1 1
 2.26834e-07 2.7443e-07 3.32012e-07 4.01676e-07 8.19085e-07 1.30743e-06 1.84869e-06 5.99192e-06 6.4808e-06 7.00956e-06 7.58147e-06 8.20003e-06 8.86907e-06 9.59268e-06 1.03753e-05 1.12219e-05 1.21374e-05 1.31277e-05 1.41988e-05 1.53573e-05 1.66103e-05 1.79655e-05 1.94313e-05 2.10166e-05 2.27314e-05 1 1 1 1 1 1 1 1 1 1 1 1 1 1 1
 1.62534e-07 1.96637e-07 2.37897e-07 2.87814e-07 3.48204e-07 4.83861e-07 9.36558e-07 1.43753e-06 1.99308e-06 6.11057e-06 6.60913e-06 7.14836e-06 7.73159e-06 8.3624e-06 9.04468e-06 9.78263e-06 1.05808e-05 1.14441e-05 1.23778e-05 1.33877e-05 1.448e-05 1.56614e-05 1.69392e-05 1.83212e-05 1.9816e-05 2.14328e-05 2.31815e-05 1 1 1 1 1 1 1 1 1 1 1 1 1
 1.1646e-07 1.40897e-07 1.70461e-07 2.06228e-07 2.49499e-07 3.01851e-07 3.65187e-07 5.92821e-07 1.05704e-06 1.57103e-06 2.14133e-06 6.23157e-06 6.74e-06 7.28991e-06 7.88469e-06 8.52799e-06 9.22378e-06 9.97634e-06 1.07903e-05 1.16707e-05 1.26229e-05 1.36528e-05 1.47667e-05 1.59715e-05 1.72746e-05 1.8684e-05 2.02084e-05 2.18572e-05 1 1 1 1 1 1 1 1 1 1 1 1
 8.34475e-08 1.00957e-07 1.2214e-07 1.47768e-07 1.78774e-07 2.16285e-07 2.61668e-07 3.16572e-07 3.82997e-07 7.04535e-07 1.18063e-06 1.70805e-06 2.29357e-06 6.35496e-06 6.87346e-06 7.43426e-06 8.04081e-06 8.69686e-06 9.40642e-06 1.01739e-05 1.1004e-05 1.19018e-05 1.28728e-05 1.39231e-05 1.50591e-05 1.62877e-05 1.76166e-05 1.9054e-05 2.06086e-05 2.229e-05 1 1 1 1 1 1 1 1 1 1
 5.97928e-08 7.23388e-08 8.75174e-08 1.05881e-07 1.28097e-07 1.54975e-07 1.87493e-07 2.26834e-07 2.7443e-07 3.32012e-07 4.01676e-07 8.19085e-07 1.30743e-06 1.84869e-06 5.99192e-06 6.4808e-06 7.00956e-06 7.58147e-06 8.20003e-06 8.86907e-06 9.59268e-06 1.03753e-05 1.12219e-05 1.21374e-05 1.31277e-05 1.41988e-05 1.53573e-05 1.66103e-05 1.79655e-05 1.94313e-05 2.10166e-05 2.27314e-05 1 1 1 1 1 1 1 1
 4.28434e-08 5.1833e-08 6.27089e-08 7.58669e-08 9.17857e-08 1.11045e-07 1.34345e-07 1.62534e-07 1.96637e-07 2.37897e-07 2.87814e-07 3.48204e-07 4.83861e-07 9.36558e-07 1.43753e-06 1.99308e-06 6.11057e-06 6.60913e-06 7.14836e-06 7.73159e-06 8.3624e-06 9.04468e-06 9.78263e-06 1.05808e-05 1.14441e-05 1.23778e-05 1.33877e-05 1.448e-05 1.56614e-05 1.69392e-05 1.83212e-05 1.9816e-05 2.14328e-05 2.31815e-05 1 1 1 1 1 1
 3.06986e-08 3.714e-08 4.49329e-08 5.4361e-08 6.57673e-08 7.9567e-08 9.62622e-08 1.1646e-07 1.40897e-07 1.70461e-07 2.06228e-07 2.49499e-07 3.01851e-07 3.65187e-07 5.92821e-07 1.05704e-06 1.57103e-06 2.14133e-06 6.23157e-06 6.74e-06 7.28991e-06 7.88469e-06 8.52799e-06 9.22378e-06 9.97634e-06 1.07903e-05 1.16707e-05 1.26229e-05 1.36528e-05 1.47667e-05 1.59715e-05 1.72746e-05 1.8684e-05 2.02084e-05 2.18572e-05 1 1 1 1 1
 2.19965e-08 2.6612e-08 3.21958e-08 3.89514e-08 4.71243e-08 5.70122e-08 6.89749e-08 8.34475e-08 1.00957e-07 1.2214e-07 1.47768e-07 1.78774e-07 2.16285e-07 2.61668e-07 3.16572e-07 3.82997e-07 7.04535e-07 1.18063e-06 1.70805e-06 2.29357e-06 6.35496e-06 6.87346e-06 7.43426e-06 8.04081e-06 8.69686e-06 9.40642e-06 1.01739e-05 1.1004e-05 1.19018e-05 1.28728e-05 1.39231e-05 1.50591e-05 1.62877e-05 1.76166e-05 1.9054e-05 2.06086e-05 2.229e-05 1 1 1
 1.57612e-08 1.90683e-08 2.30693e-08 2.79099e-08 3.37661e-08 4.0851e-08 4.94226e-08 5.97928e-08 7.23388e-08 8.75174e-08 1.05881e-07 1.28097e-07 1.54975e-07 1.87493e-07 2.26834e-07 2.7443e-07 3.32012e-07 4.01676e-07 8.19085e-07 1.30743e-06 1.84869e-06 5.99192e-06 6.4808e-06 7.00956e-06 7.58147e-06 8.20003e-06 8.86907e-06 9.59268e-06 1.03753e-05 1.12219e-05 1.21374e-05 1.31277e-05 1.41988e-05 1.53573e-05 1.66103e-05 1.79655e-05 1.94313e-05 2.10166e-05 2.27314e-05 1
 1.12934e-08 1.3663e-08 1.65299e-08 1.99983e-08 2.41944e-08 2.92711e-08 3.54129e-08 4.28434e-08 5.1833e-08 6.27089e-08 7.58669e-08 9.17857e-08 1.11045e-07 1.34345e-07 1.62534e-07 1.96637e-07 2.37897e-07 2.87814e-07 3.48204e-07 4.83861e-07 9.36558e-07 1.43753e-06 1.99308e-06 6.11057e-06 6.60913e-06 7.14836e-06 7.73159e-06 8.3624e-06 9.04468e-06 9.78263e-06 1.05808e-05 1.14441e-05 1.23778e-05 1.33877e-05 1.448e-05 1.56614e-05 1.69392e-05 1.83212e-05 1.9816e-05 2.14328e-05
 8.09207e-09 9.79e-09 1.18442e-08 1.43294e-08 1.73361e-08 2.09736e-08 2.53744e-08 3.06986e-08 3.714e-08 4.49329e-08 5.4361e-08 6.57673e-08 7.9567e-08 9.62622e-08 1.1646e-07 1.40897e-07 1.70461e-07 2.06228e-07 2.49499e-07 3.01851e-07 3.65187e-07 5.92821e-07 1.05704e-06 1.57103e-06 2.14133e-06 6.23157e-06 6.74e-06 7.28991e-06 7.88469e-06 8.52799e-06 9.22378e-06 9.97634e-06 1.07903e-05 1.16707e-05 1.26229e-05 1.36528e-05 1.47667e-05 1.59715e-05 1.72746e-05 1.8684e-05
 5.79822e-09 7.01484e-09 8.48673e-09 1.02675e-08 1.24218e-08 1.50283e-08 1.81816e-08 2.19965e-08 2.6612e-08 3.21958e-08 3.89514e-08 4.71243e-08 5.70122e-08 6.89749e-08 8.34475e-08 1.00957e-07 1.2214e-07 1.47768e-07 1.78774e-07 2.16285e-07 2.61668e-07 3.16572e-07 3.82997e-07 7.04535e-07 1.18063e-06 1.70805e-06 2.29357e-06 6.35496e-06 6.87346e-06 7.43426e-06 8.04081e-06 8.69686e-06 9.40642e-06 1.01739e-05 1.1004e-05 1.19018e-05 1.28728e-05 1.39231e-05 1.50591e-05 1.62877e-05
 4.15461e-09 5.02635e-09 6.08101e-09 7.35696e-09 8.90064e-09 1.07682e-08 1.30277e-08 1.57612e-08 1.90683e-08 2.30693e-08 2.79099e-08 3.37661e-08 4.0851e-08 4.94226e-08 5.97928e-08 7.23388e-08 8.75174e-08 1.05881e-07 1.28097e-07 1.54975e-07 1.87493e-07 2.26834e-07 2.7443e-07 3.32012e-07 4.01676e-07 8.19085e-07 1.30743e-06 1.84869e-06 5.99192e-06 6.4808e-06 7.00956e-06 7.58147e-06 8.20003e-06 8.86907e-06 9.59268e-06 1.03753e-05 1.12219e-05 1.21374e-05 1.31277e-05 1.41988e-05
 2.97691e-09 3.60154e-09 4.35723e-09 5.27149e-09 6.37759e-09 7.71577e-09 9.33473e-09 1.12934e-08 1.3663e-08 1.65299e-08 1.99983e-08 2.41944e-08 2.92711e-08 3.54129e-08 4.28434e-08 5.1833e-08 6.27089e-08 7.58669e-08 9.17857e-08 1.11045e-07 1.34345e-07 1.62534e-07 1.96637e-07 2.37897e-07 2.87814e-07 3.48204e-07 4.83861e-07 9.36558e-07 1.43753e-06 1.99308e-06 6.11057e-06 6.60913e-06 7.14836e-06 7.73159e-06 8.3624e-06 9.04468e-06 9.78263e-06 1.05808e-05 1.14441e-05 1.23778e-05
 2.17407e-09 2.63024e-09 3.18213e-09 3.84983e-09 4.65762e-09 5.6349e-09 6.81725e-09 8.24768e-09 9.97826e-09 1.2072e-08 1.4605e-08 1.76695e-08 2.1377e-08 2.58624e-08 3.1289e-08 3.78542e-08 4.5797e-08 5.54064e-08 6.7032e-08 8.10971e-08 9.81133e-08 1.187e-07 1.43606e-07 1.73739e-07 2.10193e-07 2.54297e-07 3.07655e-07 3.72209e-07 6.37172e-07 1.1061e-06 1.62541e-06 2.20174e-06 6.28064e-06 6.79307e-06 7.34731e-06 7.94677e-06 8.59514e-06 9.29641e-06 1.00549e-05 1.08753e-05
 2.50793e-09 3.03415e-09 3.6708e-09 4.44102e-09 5.37286e-09 6.50023e-09 7.86414e-09 9.51424e-09 1.15106e-08 1.39258e-08 1.68478e-08 2.03829e-08 2.46597e-08 2.98339e-08 3.60939e-08 4.36673e-08 5.28298e-08 6.39148e-08 7.73258e-08 9.35507e-08 1.1318e-07 1.36928e-07 1.65659e-07 2.00419e-07 2.42472e-07 2.93348e-07 3.549e-07 5.2712e-07 9.84385e-07 1.49051e-06 2.05191e-06 6.15869e-06 6.66117e-06 7.20465e-06 7.79247e-06 8.42825e-06 9.1159e-06 9.85966e-06 1.06641e-05 1
 2.89306e-09 3.50009e-09 4.2345e-09 5.12301e-09 6.19795e-09 7.49844e-09 9.0718e-09 1.09753e-08 1.32782e-08 1.60643e-08 1.9435e-08 2.3513e-08 2.84466e-08 3.44154e-08 4.16366e-08 5.03731e-08 6.09426e-08 7.37299e-08 8.92003e-08 1.07917e-07 1.30561e-07 1.57956e-07 1.91099e-07 2.31196e-07 2.79707e-07 3.38396e-07 4.19772e-07 8.65718e-07 1.35907e-06 1.90599e-06 6.0391e-06 6.53183e-06 7.06476e-06 7.64116e-06 8.2646e-06 8.9389e-06 9.66822e-06 1.0457e-05 1.13102e-05 1
 3.33733e-09 4.03759e-09 4.88477e-09 5.90972e-09 7.14974e-09 8.64993e-09 1.04649e-08 1.26607e-08 1.53173e-08 1.85312e-08 2.24195e-08 2.71237e-08 3.2815e-08 3.97004e-08 4.80305e-08 5.81086e-08 7.03013e-08 8.50523e-08 1.02898e-07 1.24489e-07 1.5061e-07 1.82212e-07 2.20445e-07 2.667e-07 3.2266e-07 3.90362e-07 7.5001e-07 1.23096e-06 1.76386e-06 5.92184e-06 6.405e-06 6.92758e-06 7.4928e-06 8.10413e-06 8.76533e-06 9.48049e-06 1.0254e-05 1.10906e-05 1 1
 3.84983e-09 4.65762e-09 5.6349e-09 6.81725e-09 8.24768e-09 9.97826e-09 1.2072e-08 1.4605e-08 1.76695e-08 2.1377e-08 2.58624e-08 3.1289e-08 3.78542e-08 4.5797e-08 5.54064e-08 6.7032e-08 8.10971e-08 9.81133e-08 1.187e-07 1.43606e-07 1.73739e-07 2.10193e-07 2.54297e-07 3.07655e-07 3.72209e-07 6.37172e-07 1.1061e-06 1.62541e-06 2.20174e-06 6.28064e-06 6.79307e-06 7.34731e-06 7.94677e-06 8.59514e-06 9.29641e-06 1.00549e-05 1.08753e-05 1 1 1
 4.44102e-09 5.37286e-09 6.50023e-09 7.86414e-09 9.51424e-09 1.15106e-08 1.39258e-08 1.68478e-08 2.03829e-08 2.46597e-08 2.98339e-08 3.60939e-08 4.36673e-08 5.28298e-08 6.39148e-08 7.73258e-08 9.35507e-08 1.1318e-07 1.36928e-07 1.65659e-07 2.00419e-07 2.42472e-07 2.93348e-07 3.549e-07 5.2712e-07 9.84385e-07 1.49051e-06 2.05191e-06 6.15869e-06 6.66117e-06 7.20465e-06 7.79247e-06 8.42825e-06 9.1159e-06 9.85966e-06 1.06641e-05 1 1 1 1
 5.12301e-09 6.19795e-09 7.49844e-09 9.0718e-09 1.09753e-08 1.32782e-08 1.60643e-08 1.9435e-08 2.3513e-08 2.84466e-08 3.44154e-08 4.16366e-08 5.03731e-08 6.09426e-08 7.37299e-08 8.92003e-08 1.07917e-07 1.30561e-07 1.57956e-07 1.91099e-07 2.31196e-07 2.79707e-07 3.38396e-07 4.19772e-07 8.65718e-07 1.35907e-06 1.90599e-06 6.0391e-06 6.53183e-06 7.06476e-06 7.64116e-06 8.2646e-06 8.9389e-06 9.66822e-06 1.0457e-05 1.13102e-05 1 1 1 1
 5.90972e-09 7.14974e-09 8.64993e-09 1.04649e-08 1.26607e-08 1.53173e-08 1.85312e-08 2.24195e-08 2.71237e-08 3.2815e-08 3.97004e-08 4.80305e-08 5.81086e-08 7.03013e-08 8.50523e-08 1.02898e-07 1.24489e-07 1.5061e-07 1.82212e-07 2.20445e-07 2.667e-07 3.2266e-07 3.90362e-07 7.5001e-07 1.23096e-06 1.76386e-06 5.92184e-06 6.405e-06 6.92758e-06 7.4928e-06 8.10413e-06 8.76533e-06 9.48049e-06 1.0254e-05 1.10906e-05 1 1 1 1 1
 6.81725e-09 8.24768e-09 9.97826e-09 1.2072e-08 1.4605e-08 1.76695e-08 2.1377e-08 2.58624e-08 3.1289e-08 3.78542e-08 4.5797e-08 5.54064e-08 6.7032e-08 8.10971e-08 9.81133e-08 1.187e-07 1.43606e-07 1.73739e-07 2.10193e-07 2.54297e-07 3.07655e-07 3.72209e-07 6.37172e-07 1.1061e-06 1.62541e-06 2.20174e-06 6.28064e-06 6.79307e-06 7.34731e-06 7.94677e-06 8.59514e-06 9.29641e-06 1.00549e-05 1.08753e-05 1 1 1 1 1 1
 7.86414e-09 9.51424e-09 1.15106e-08 1.39258e-08 1.68478e-08 2.03829e-08 2.46597e-08 2.98339e-08 3.60939e-08 4.36673e-08 5.28298e-08 6.39148e-08 7.73258e-08 9.35507e-08 1.1318e-07 1.36928e-07 1.65659e-07 2.00419e-07 2.42472e-07 2.93348e-07 3.549e-07 5.2712e-07 9.84385e-07 1.49051e-06 2.05191e-06 6.15869e-06 6.66117e-06 7.20465e-06 7.79247e-06 8.42825e-06 9.1159e-06 9.85966e-06 1.06641e-05 1 1 1 1 1 1 1
 9.0718e-09 1.09753e-08 1.32782e-08 1.60643e-08 1.9435e-08 2.3513e-08 2.84466e-08 3.44154e-08 4.16366e-08 5.03731e-08 6.09426e-08 7.37299e-08 8.92003e-08 1.07917e-07 1.30561e-07 1.57956e-07 1.91099e-07 2.31196e-07 2.79707e-07 3.38396e-07 4.19772e-07 8.65718e-07 1.35907e-06 1.90599e-06 6.0391e-06 6.53183e-06 7.06476e-06 7.64116e-06 8.2646e-06 8.9389e-06 9.66822e-06 1.0457e-05 1.13102e-05 1 1 1 1 1 1 1
 1.04649e-08 1.26607e-08 1.53173e-08 1.85312e-08 2.24195e-08 2.71237e-08 3.2815e-08 3.97004e-08 4.80305e-08 5.81086e-08 7.03013e-08 8.50523e-08 1.02898e-07 1.24489e-07 1.5061e-07 1.82212e-07 2.20445e-07 2.667e-07 3.2266e-07 3.90362e-07 7.5001e-07 1.23096e-06 1.76386e-06 5.92184e-06 6.405e-06 6.92758e-06 7.4928e-06 8.10413e-06 8.76533e-06 9.48049e-06 1.0254e-05 1.10906e-05 1 1 1 1 1 1 1 1
 1.2072e-08 1.4605e-08 1.76695e-08 2.1377e-08 2.58624e-08 3.1289e-08 3.78542e-08 4.5797e-08 5.54064e-08 6.7032e-08 8.10971e-08 9.81133e-08 1.187e-07 1.43606e-07 1.73739e-07 2.10193e-07 2.54297e-07 3.07655e-07 3.72209e-07 6.37172e-07 1.1061e-06 1.62541e-06 2.20174e-06 6.28064e-06 6.79307e-06 7.34731e-06 7.94677e-06 8.59514e-06 9.29641e-06 1.00549e-05 1.08753e-05 1 1 1 1 1 1 1 1 1
 1.39258e-08 1.68478e-08 2.03829e-08 2.46597e-08 2.98339e-08 3.60939e-08 4.36673e-08 5.28298e-08 6.39148e-08 7.73258e-08 9.35507e-08 1.1318e-07 1.36928e-07 1.65659e-07 2.00419e-07 2.42472e-07 2.93348e-07 3.549e-07 5.2712e-07 9.84385e-07 1.49051e-06 2.05191e-06 6.15869e-06 6.66117e-06 7.20465e-06 7.79247e-06 8.42825e-06 9.1159e-06 9.85966e-06 1.06641e-05 1 1 1 1 1 1 1 1 1 1
 1.60643e-08 1.9435e-08 2.3513e-08 2.84466e-08 3.44154e-08 4.16366e-08 5.03731e-08 6.09426e-08 7.37299e-08 8.92003e-08 1.07917e-07 1.30561e-07 1.57956e-07 1.91099e-07 2.31196e-07 2.79707e-07 3.38396e-07 4.19772e-07 8.65718e-07 1.35907e-06 1.90599e-06 6.0391e-06 6.53183e-06 7.06476e-06 7.64116e-06 8.2646e-06 8.9389e-06 9.66822e-06 1.0457e-05 1.13102e-05 1 1 1 1 1 1 1 1 1 1
 1.85312e-08 2.24195e-08 2.71237e-08 3.2815e-08 3.97004e-08 4.80305e-08 5.81086e-08 7.03013e-08 8.50523e-08 1.02898e-07 1.24489e-07 1.5061e-07 1.82212e-07 2.20445e-07 2.667e-07 3.2266e-07 3.90362e-07 7.5001e-07 1.23096e-06 1.76386e-06 5.92184e-06 6.405e-06 6.92758e-06 7.4928e-06 8.10413e-06 8.76533e-06 9.48049e-06 1.0254e-05 1.10906e-05 1 1 1 1 1 1 1 1 1 1 1
 2.1377e-08 2.58624e-08 3.1289e-08 3.78542e-08 4.5797e-08 5.54064e-08 6.7032e-08 8.10971e-08 9.81133e-08 1.187e-07 1.43606e-07 1.73739e-07 2.10193e-07 2.54297e-07 3.07655e-07 3.72209e-07 6.37172e-07 1.1061e-06 1.62541e-06 2.20174e-06 6.28064e-06 6.79307e-06 7.34731e-06 7.94677e-06 8.59514e-06 9.29641e-06 1.00549e-05 1.08753e-05 1 1 1 1 1 1 1 1 1 1 1 1
 2.46597e-08 2.98339e-08 3.60939e-08 4.36673e-08 5.28298e-08 6.39148e-08 7.73258e-08 9.35507e-08 1.1318e-07 1.36928e-07 1.65659e-07 2.00419e-07 2.42472e-07 2.93348e-07 3.549e-07 5.2712e-07 9.84385e-07 1.49051e-06 2.05191e-06 6.15869e-06 6.66117e-06 7.20465e-06 7.79247e-06 8.42825e-06 9.1159e-06 9.85966e-06 1.06641e-05 1 1 1 1 1 1 1 1 1 1 1 1 1
 2.84466e-08 3.44154e-08 4.16366e-08 5.03731e-08 6.09426e-08 7.37299e-08 8.92003e-08 1.07917e-07 1.30561e-07 1.57956e-07 1.91099e-07 2.31196e-07 2.79707e-07 3.38396e-07 4.19772e-07 8.65718e-07 1.35907e-06 1.90599e-06 6.0391e-06 6.53183e-06 7.06476e-06 7.64116e-06 8.2646e-06 8.9389e-06 9.66822e-06 1.0457e-05 1.13102e-05 1 1 1 1 1 1 1 1 1 1 1 1 1
 3.2815e-08 3.97004e-08 4.80305e-08 5.81086e-08 7.03013e-08 8.50523e-08 1.02898e-07 1.24489e-07 1.5061e-07 1.82212e-07 2.20445e-07 2.667e-07 3.2266e-07 3.90362e-07 7.5001e-07 1.23096e-06 1.76386e-06 5.92184e-06 6.405e-06 6.92758e-06 7.4928e-06 8.10413e-06 8.76533e-06 9.48049e-06 1.0254e-05 1.10906e-05 1 1 1 1 1 1 1 1 1 1 1 1 1 1
 3.78542e-08 4.5797e-08 5.54064e-08 6.7032e-08 8.10971e-08 9.81133e-08 1.187e-07 1.43606e-07 1.73739e-07 2.10193e-07 2.54297e-07 3.07655e-07 3.72209e-07 6.37172e-07 1.1061e-06 1.62541e-06 2.20174e-06 6.28064e-06 6.79307e-06 7.34731e-06 7.94677e-06 8.59514e-06 9.29641e-06 1.00549e-05 1.08753e-05 1 1 1 1 1 1 1 1 1 1 1 1 1 1 1
 4.36673e-08 5.28298e-08 6.39148e-08 7.73258e-08 9.35507e-08 1.1318e-07 1.36928e-07 1.65659e-07 2.00419e-07 2.42472e-07 2.93348e-07 3.549e-07 5.2712e-07 9.84385e-07 1.49051e-06 2.05191e-06 6.15869e-06 6.66117e-06 7.20465e-06 7.79247e-06 8.42825e-06 9.1159e-06 9.85966e-06 1.06641e-05 1 1 1 1 1 1 1 1 1 1 1 1 1 1 1 1
 5.03731e-08 6.09426e-08 7.37299e-08 8.92003e-08 1.07917e-07 1.30561e-07 1.57956e-07 1.91099e-07 2.31196e-07 2.79707e-07 3.38396e-07 4.19772e-07 8.65718e-07 1.35907e-06 1.90599e-06 6.0391e-06 6.53183e-06 7.06476e-06 7.64116e-06 8.2646e-06 8.9389e-06 9.66822e-06 1.0457e-05 1.13102e-05 1 1 1 1 1 1 1 1 1 1 1 1 1 1 1 1
 5.81086e-08 7.03013e-08 8.50523e-08 1.02898e-07 1.24489e-07 1.5061e-07 1.82212e-07 2.20445e-07 2.667e-07 3.2266e-07 3.90362e-07 7.5001e-07 1.23096e-06 1.76386e-06 5.92184e-06 6.405e-06 6.92758e-06 7.4928e-06 8.10413e-06 8.76533e-06 9.48049e-06 1.0254e-05 1.10906e-05 1 1 1 1 1 1 1 1 1 1 1 1 1 1 1 1 1
 6.7032e-08 8.10971e-08 9.81133e-08 1.187e-07 1.43606e-07 1.73739e-07 2.10193e-07 2.54297e-07 3.07655e-07 3.72209e-07 6.37172e-07 1.1061e-06 1.62541e-06 2.20174e-06 6.28064e-06 6.79307e-06 7.34731e-06 7.94677e-06 8.59514e-06 9.29641e-06 1.00549e-05 1.08753e-05 1 1 1 1 1 1 1 1 1 1 1 1 1 1 1 1 1 1
 7.73258e-08 9.35507e-08 1.1318e-07 1.36928e-07 1.65659e-07 2.00419e-07 2.42472e-07 2.93348e-07 3.549e-07 5.2712e-07 9.84385e-07 1.49051e-06 2.05191e-06 6.15869e-06 6.66117e-06 7.20465e-06 7.79247e-06 8.42825e-06 9.1159e-06 9.85966e-06 1.06641e-05 1 1 1 1 1 1 1 1 1 1 1 1 1 1 1 1 1 1 1
 8.92003e-08 1.07917e-07 1.30561e-07 1.57956e-07 1.91099e-07 2.31196e-07 2.79707e-07 3.38396e-07 4.19772e-07 8.65718e-07 1.35907e-06 1.90599e-06 6.0391e-06 6.53183e-06 7.06476e-06 7.64116e-06 8.2646e-06 8.9389e-06 9.66822e-06 1.0457e-05 1.13102e-05 1 1 1 1 1 1 1 1 1 1 1 1 1 1 1 1 1 1 1
 1.02898e-07 1.24489e-07 1.5061e-07 1.82212e-07 2.20445e-07 2.667e-07 3.2266e-07 3.90362e-07 7.5001e-07 1.23096e-06 1.76386e-06 5.92184e-06 6.405e-06 6.92758e-06 7.4928e-06 8.10413e-06 8.76533e-06 9.48049e-06 1.0254e-05 1.10906e-05 1 1 1 1 1 1 1 1 1 1 1 1 1 1 1 1 1 1 1 1
 1.187e-07 1.43606e-07 1.73739e-07 2.10193e-07 2.54297e-07 3.07655e-07 3.72209e-07 6.37172e-07 1.1061e-06 1.62541e-06 2.20174e-06 6.28064e-06 6.79307e-06 7.34731e-06 7.94677e-06 8.59514e-06 9.29641e-06 1.00549e-05 1.08753e-05 1 1 1 1 1 1 1 1 1 1 1 1 1 1 1 1 1 1 1 1 1
 1.36928e-07 1.65659e-07 2.00419e-07 2.42472e-07 2.93348e-07 3.549e-07 5.2712e-07 9.84385e-07 1.49051e-06 2.05191e-06 6.15869e-06 6.66117e-06 7.20465e-06 7.79247e-06 8.42825e-06 9.1159e-06 9.85966e-06 1.06641e-05 1 1 1 1 1 1 1 1 1 1 1 1 1 1 1 1 1 1 1 1 1 1
 1.54975e-07 1.87493e-07 2.26834e-07 2.7443e-07 3.32012e-07 4.01676e-07 8.19085e-07 1.30743e-06 1.84869e-06 5.99192e-06 6.4808e-06 7.00956e-06 7.58147e-06 8.20003e-06 8.86907e-06 9.59268e-06 1.03753e-05 1.12219e-05 1 1 1 1 1 1 1 1 1 1 1 1 1 1 1 1 1 1 1 1 1 1
 1.08984e-07 1.32284e-07 1.62534e-07 1.96637e-07 2.37897e-07 2.87814e-07 3.48204e-07 4.83861e-07 9.36558e-07 1.43753e-06 1.99308e-06 6.11057e-06 6.60913e-06 7.14836e-06 7.73159e-06 8.3624e-06 9.04468e-06 9.78263e-06 1.05808e-05 1.14441e-05 1 1 1 1 1 1 1 1 1 1 1 1 1 1 1 1 1 1 1 1
 7.75059e-08 9.42011e-08 1.14399e-07 1.38836e-07 1.70461e-07 2.06228e-07 2.49499e-07 3.01851e-07 3.65187e-07 5.92821e-07 1.05704e-06 1.57103e-06 2.14133e-06 6.23157e-06 6.74e-06 7.28991e-06 7.88469e-06 8.52799e-06 9.22378e-06 9.97634e-06 1.07903e-05 1 1 1 1 1 1 1 1 1 1 1 1 1 1 1 1 1 1 1
 5.49511e-08 6.69137e-08 8.13864e-08 9.88959e-08 1.20079e-07 1.45707e-07 1.78774e-07 2.16285e-07 2.61668e-07 3.16572e-07 3.82997e-07 7.04535e-07 1.18063e-06 1.70805e-06 2.29357e-06 6.35496e-06 6.87346e-06 7.43426e-06 8.04081e-06 8.69686e-06 9.40642e-06 1.01739e-05 1.1004e-05 1 1 1 1 1 1 1 1 1 1 1 1 1 1 1 1 1
 3.87899e-08 4.73615e-08 5.77317e-08 7.02777e-08 8.54563e-08 1.0382e-07 1.26036e-07 1.54975e-07 1.87493e-07 2.26834e-07 2.7443e-07 3.32012e-07 4.01676e-07 8.19085e-07 1.30743e-06 1.84869e-06 5.99192e-06 6.4808e-06 7.00956e-06 7.58147e-06 8.20003e-06 8.86907e-06 9.59268e-06 1.03753e-05 1.12219e-05 1 1 1 1 1 1 1 1 1 1 1 1 1 1 1
 2.72099e-08 3.33517e-08 4.07823e-08 4.97719e-08 6.06478e-08 7.38058e-08 8.97246e-08 1.08984e-07 1.32284e-07 1.62534e-07 1.96637e-07 2.37897e-07 2.87814e-07 3.48204e-07 4.83861e-07 9.36558e-07 1.43753e-06 1.99308e-06 6.11057e-06 6.60913e-06 7.14836e-06 7.73159e-06 8.3624e-06 9.04468e-06 9.78263e-06 1.05808e-05 1.14441e-05 1 1 1 1 1 1 1 1 1 1 1 1 1
 1.89125e-08 2.33133e-08 2.86375e-08 3.50789e-08 4.28718e-08 5.22999e-08 6.37062e-08 7.75059e-08 9.42011e-08 1.14399e-07 1.38836e-07 1.70461e-07 2.06228e-07 2.49499e-07 3.01851e-07 3.65187e-07 5.92821e-07 1.05704e-06 1.57103e-06 2.14133e-06 6.23157e-06 6.74e-06 7.28991e-06 7.88469e-06 8.52799e-06 9.22378e-06 9.97634e-06 1.07903e-05 1 1 1 1 1 1 1 1 1 1 1 1
 1.29671e-08 1.61204e-08 1.99354e-08 2.45508e-08 3.01347e-08 3.68902e-08 4.50632e-08 5.49511e-08 6.69137e-08 8.13864e-08 9.88959e-08 1.20079e-07 1.45707e-07 1.78774e-07 2.16285e-07 2.61668e-07 3.16572e-07 3.82997e-07 7.04535e-07 1.18063e-06 1.70805e-06 2.29357e-06 6.35496e-06 6.87346e-06 7.43426e-06 8.04081e-06 8.69686e-06 9.40642e-06 1.01739e-05 1.1004e-05 1 1 1 1 1 1 1 1 1 1
 8.70707e-09 1.09665e-08 1.37001e-08 1.70072e-08 2.10082e-08 2.58487e-08 3.17049e-08 3.87899e-08 4.73615e-08 5.77317e-08 7.02777e-08 8.54563e-08 1.0382e-07 1.26036e-07 1.54975e-07 1.87493e-07 2.26834e-07 2.7443e-07 3.32012e-07 4.01676e-07 8.19085e-07 1.30743e-06 1.84869e-06 5.99192e-06 6.4808e-06 7.00956e-06 7.58147e-06 8.20003e-06 8.86907e-06 9.59268e-06 1.03753e-05 1.12219e-05 1 1 1 1 1 1 1 1
 5.65462e-09 7.27358e-09 9.23225e-09 1.16019e-08 1.44688e-08 1.79371e-08 2.21333e-08 2.72099e-08 3.33517e-08 4.07823e-08 4.97719e-08 6.06478e-08 7.38058e-08 8.97246e-08 1.08984e-07 1.32284e-07 1.62534e-07 1.96637e-07 2.37897e-07 2.87814e-07 3.48204e-07 4.83861e-07 9.36558e-07 1.43753e-06 1.99308e-06 6.11057e-06 6.60913e-06 7.14836e-06 7.73159e-06 8.3624e-06 9.04468e-06 9.78263e-06 1.05808e-05 1.14441e-05 1 1 1 1 1 1
 3.46744e-09 4.62748e-09 6.03092e-09 7.72885e-09 9.78304e-09 1.22683e-08 1.52749e-08 1.89125e-08 2.33133e-08 2.86375e-08 3.50789e-08 4.28718e-08 5.22999e-08 6.37062e-08 7.75059e-08 9.42011e-08 1.14399e-07 1.38836e-07 1.70461e-07 2.06228e-07 2.49499e-07 3.01851e-07 3.65187e-07 5.92821e-07 1.05704e-06 1.57103e-06 2.14133e-06 6.23157e-06 6.74e-06 7.28991e-06 7.88469e-06 8.52799e-06 9.22378e-06 9.97634e-06 1.07903e-05 1 1 1 1 1
 1.90026e-09 2.73146e-09 3.73707e-09 4.95369e-09 6.42558e-09 8.20632e-09 1.03607e-08 1.29671e-08 1.61204e-08 1.99354e-08 2.45508e-08 3.01347e-08 3.68902e-08 4.50632e-08 5.49511e-08 6.69137e-08 8.13864e-08 9.88959e-08 1.20079e-07 1.45707e-07 1.78774e-07 2.16285e-07 2.61668e-07 3.16572e-07 3.82997e-07 7.04535e-07 1.18063e-06 1.70805e-06 2.29357e-06 6.35496e-06 6.87346e-06 7.43426e-06 8.04081e-06 8.69686e-06 9.40642e-06 1.01739e-05 1.1004e-05 1 1 1
 7.7732e-10 1.3729e-09 2.09346e-09 2.9652e-09 4.01986e-09 5.29581e-09 6.83949e-09 8.70707e-09 1.09665e-08 1.37001e-08 1.70072e-08 2.10082e-08 2.58487e-08 3.17049e-08 3.87899e-08 4.73615e-08 5.77317e-08 7.02777e-08 8.54563e-08 1.0382e-07 1.26036e-07 1.54975e-07 1.87493e-07 2.26834e-07 2.7443e-07 3.32012e-07 4.01676e-07 8.19085e-07 1.30743e-06 1.84869e-06 5.99192e-06 6.4808e-06 7.00956e-06 7.58147e-06 8.20003e-06 8.86907e-06 9.59268e-06 1.03753e-05 1.12219e-05 1
 1.22125e-15 3.99456e-10 9.15755e-10 1.54039e-09 2.29608e-09 3.21034e-09 4.31644e-09 5.65462e-09 7.27358e-09 9.23225e-09 1.16019e-08 1.44688e-08 1.79371e-08 2.21333e-08 2.72099e-08 3.33517e-08 4.07823e-08 4.97719e-08 6.06478e-08 7.38058e-08 8.97246e-08 1.08984e-07 1.32284e-07 1.62534e-07 1.96637e-07 2.37897e-07 2.87814e-07 3.48204e-07 4.83861e-07 9.36558e-07 1.43753e-06 1.99308e-06 6.11057e-06 6.60913e-06 7.14836e-06 7.73159e-06 8.3624e-06 9.04468e-06 9.78263e-06 1.05808e-05
 8.88178e-16 1.11022e-15 7.18949e-11 5.19463e-10 1.06094e-09 1.71604e-09 2.50859e-09 3.46744e-09 4.62748e-09 6.03092e-09 7.72885e-09 9.78304e-09 1.22683e-08 1.52749e-08 1.89125e-08 2.33133e-08 2.86375e-08 3.50789e-08 4.28718e-08 5.22999e-08 6.37062e-08 7.75059e-08 9.42011e-08 1.14399e-07 1.38836e-07 1.70461e-07 2.06228e-07 2.49499e-07 3.01851e-07 3.65187e-07 5.92821e-07 1.05704e-06 1.57103e-06 2.14133e-06 6.23157e-06 6.74e-06 7.28991e-06 7.88469e-06 8.52799e-06 9.22378e-06
 6.66134e-16 7.77156e-16 9.99201e-16 1.11022e-15 1.75926e-10 6.45322e-10 1.21321e-09 1.90026e-09 2.73146e-09 3.73707e-09 4.95369e-09 6.42558e-09 8.20632e-09 1.03607e-08 1.29671e-08 1.61204e-08 1.99354e-08 2.45508e-08 3.01347e-08 3.68902e-08 4.50632e-08 5.49511e-08 6.69137e-08 8.13864e-08 9.88959e-08 1.20079e-07 1.45707e-07 1.78774e-07 2.16285e-07 2.61668e-07 3.16572e-07 3.82997e-07 7.04535e-07 1.18063e-06 1.70805e-06 2.29357e-06 6.35496e-06 6.87346e-06 7.43426e-06 8.04081e-06
 4.44089e-16 5.55112e-16 6.66134e-16 7.77156e-16 9.99201e-16 1.22125e-15 2.85031e-10 7.7732e-10 1.3729e-09 2.09346e-09 2.9652e-09 4.01986e-09 5.29581e-09 6.83949e-09 8.70707e-09 1.09665e-08 1.37001e-08 1.70072e-08 2.10082e-08 2.58487e-08 3.17049e-08 3.87899e-08 4.73615e-08 5.77317e-08 7.02777e-08 8.54563e-08 1.0382e-07 1.26036e-07 1.54975e-07 1.87493e-07 2.26834e-07 2.7443e-07 3.32012e-07 4.01676e-07 8.19085e-07 1.30743e-06 1.84869e-06 5.99192e-06 6.4808e-06 7.00956e-06
 3.33067e-16 4.44089e-16 4.44089e-16 5.55112e-16 6.66134e-16 8.88178e-16 9.99201e-16 1.22125e-15 3.99456e-10 9.15755e-10 1.54039e-09 2.29608e-09 3.21034e-09 4.31644e-09 5.65462e-09 7.27358e-09 9.23225e-09 1.16019e-08 1.44688e-08 1.79371e-08 2.21333e-08 2.72099e-08 3.33517e-08 4.07823e-08 4.97719e-08 6.06478e-08 7.38058e-08 8.97246e-08 1.08984e-07 1.32284e-07 1.62534e-07 1.96637e-07 2.37897e-07 2.87814e-07 3.48204e-07 4.83861e-07 9.36558e-07 1.43753e-06 1.99308e-06 6.11057e-06
 2.22045e-16 3.33067e-16 3.33067e-16 4.44089e-16 5.55112e-16 6.66134e-16 7.77156e-16 8.88178e-16 1.11022e-15 1.12914e-10 5.69089e-10 1.12098e-09 1.78867e-09 2.59647e-09 3.57375e-09 4.7561e-09 6.18654e-09 7.91711e-09 1.00108e-08 1.25438e-08 1.56083e-08 1.93158e-08 2.38012e-08 2.92278e-08 3.57931e-08 4.37359e-08 5.33452e-08 6.49709e-08 7.9036e-08 9.60522e-08 1.16639e-07 1.41545e-07 1.73739e-07 2.10193e-07 2.54297e-07 3.07655e-07 3.72209e-07 6.37172e-07 1.1061e-06 1.62541e-06
 3.33067e-16 3.33067e-16 4.44089e-16 5.55112e-16 5.55112e-16 7.77156e-16 8.88178e-16 1.11022e-15 1.18131e-11 4.46775e-10 9.73002e-10 1.60965e-09 2.37987e-09 3.31171e-09 4.43908e-09 5.80299e-09 7.45309e-09 9.44942e-09 1.18646e-08 1.47866e-08 1.83217e-08 2.25986e-08 2.77728e-08 3.40327e-08 4.16062e-08 5.07687e-08 6.18537e-08 7.52647e-08 9.14896e-08 1.11119e-07 1.34867e-07 1.65659e-07 2.00419e-07 2.42472e-07 2.93348e-07 3.549e-07 5.2712e-07 9.84385e-07 1.49051e-06 1
 3.33067e-16 4.44089e-16 4.44089e-16 5.55112e-16 6.66134e-16 8.88178e-16 9.99201e-16 1.22125e-15 3.30148e-10 8.31904e-10 1.43894e-09 2.17335e-09 3.06186e-09 4.1368e-09 5.43729e-09 7.01065e-09 8.91415e-09 1.1217e-08 1.40032e-08 1.73739e-08 2.14518e-08 2.63854e-08 3.23543e-08 3.95755e-08 4.83119e-08 5.88815e-08 7.16688e-08 8.71392e-08 1.05856e-07 1.28499e-07 1.57956e-07 1.91099e-07 2.31196e-07 2.79707e-07 3.38396e-07 4.19772e-07 8.65718e-07 1.35907e-06 1.90599e-06 1
 3.33067e-16 4.44089e-16 5.55112e-16 6.66134e-16 7.77156e-16 9.99201e-16 1.22125e-15 2.18945e-10 6.97368e-10 1.27618e-09 1.97643e-09 2.82362e-09 3.84857e-09 5.08859e-09 6.58878e-09 8.40376e-09 1.05996e-08 1.32561e-08 1.64701e-08 2.03584e-08 2.50626e-08 3.07538e-08 3.76393e-08 4.59694e-08 5.60475e-08 6.82401e-08 8.29912e-08 1.00837e-07 1.22428e-07 1.5061e-07 1.82212e-07 2.20445e-07 2.667e-07 3.2266e-07 3.90362e-07 7.5001e-07 1.23096e-06 1.76386e-06 1 1
 4.44089e-16 5.55112e-16 6.66134e-16 7.77156e-16 8.88178e-16 1.11022e-15 1.12914e-10 5.69089e-10 1.12098e-09 1.78867e-09 2.59647e-09 3.57375e-09 4.7561e-09 6.18654e-09 7.91711e-09 1.00108e-08 1.25438e-08 1.56083e-08 1.93158e-08 2.38012e-08 2.92278e-08 3.57931e-08 4.37359e-08 5.33452e-08 6.49709e-08 7.9036e-08 9.60522e-08 1.16639e-07 1.41545e-07 1.73739e-07 2.10193e-07 2.54297e-07 3.07655e-07 3.72209e-07 6.37172e-07 1.1061e-06 1.62541e-06 1 1 1
 5.55112e-16 5.55112e-16 7.77156e-16 8.88178e-16 1.11022e-15 1.18131e-11 4.46775e-10 9.73002e-10 1.60965e-09 2.37987e-09 3.31171e-09 4.43908e-09 5.80299e-09 7.45309e-09 9.44942e-09 1.18646e-08 1.47866e-08 1.83217e-08 2.25986e-08 2.77728e-08 3.40327e-08 4.16062e-08 5.07687e-08 6.18537e-08 7.52647e-08 9.14896e-08 1.11119e-07 1.34867e-07 1.65659e-07 2.00419e-07 2.42472e-07 2.93348e-07 3.549e-07 5.2712e-07 9.84385e-07 1.49051e-06 1 1 1 1
 5.55112e-16 6.66134e-16 8.88178e-16 9.99201e-16 1.22125e-15 3.30148e-10 8.31904e-10 1.43894e-09 2.17335e-09 3.06186e-09 4.1368e-09 5.43729e-09 7.01065e-09 8.91415e-09 1.1217e-08 1.40032e-08 1.73739e-08 2.14518e-08 2.63854e-08 3.23543e-08 3.95755e-08 4.83119e-08 5.88815e-08 7.16688e-08 8.71392e-08 1.05856e-07 1.28499e-07 1.57956e-07 1.91099e-07 2.31196e-07 2.79707e-07 3.38396e-07 4.19772e-07 8.65718e-07 1.35907e-06 1.90599e-06 1 1 1 1
 6.66134e-16 7.77156e-16 9.99201e-16 1.22125e-15 2.18945e-10 6.97368e-10 1.27618e-09 1.97643e-09 2.82362e-09 3.84857e-09 5.08859e-09 6.58878e-09 8.40376e-09 1.05996e-08 1.32561e-08 1.64701e-08 2.03584e-08 2.50626e-08 3.07538e-08 3.76393e-08 4.59694e-08 5.60475e-08 6.82401e-08 8.29912e-08 1.00837e-07 1.22428e-07 1.5061e-07 1.82212e-07 2.20445e-07 2.667e-07 3.2266e-07 3.90362e-07 7.5001e-07 1.23096e-06 1.76386e-06 1 1 1 1 1
 7.77156e-16 8.88178e-16 1.11022e-15 1.12914e-10 5.69089e-10 1.12098e-09 1.78867e-09 2.59647e-09 3.57375e-09 4.7561e-09 6.18654e-09 7.91711e-09 1.00108e-08 1.25438e-08 1.56083e-08 1.93158e-08 2.38012e-08 2.92278e-08 3.57931e-08 4.37359e-08 5.33452e-08 6.49709e-08 7.9036e-08 9.60522e-08 1.16639e-07 1.41545e-07 1.73739e-07 2.10193e-07 2.54297e-07 3.07655e-07 3.72209e-07 6.37172e-07 1.1061e-06 1.62541e-06 1 1 1 1 1 1
 8.88178e-16 1.11022e-15 1.18131e-11 4.46775e-10 9.73002e-10 1.60965e-09 2.37987e-09 3.31171e-09 4.43908e-09 5.80299e-09 7.45309e-09 9.44942e-09 1.18646e-08 1.47866e-08 1.83217e-08 2.25986e-08 2.77728e-08 3.40327e-08 4.16062e-08 5.07687e-08 6.18537e-08 7.52647e-08 9.14896e-08 1.11119e-07 1.34867e-07 1.65659e-07 2.00419e-07 2.42472e-07 2.93348e-07 3.549e-07 5.2712e-07 9.84385e-07 1.49051e-06 1 1 1 1 1 1 1
 9.99201e-16 1.22125e-15 3.30148e-10 8.31904e-10 1.43894e-09 2.17335e-09 3.06186e-09 4.1368e-09 5.43729e-09 7.01065e-09 8.91415e-09 1.1217e-08 1.40032e-08 1.73739e-08 2.14518e-08 2.63854e-08 3.23543e-08 3.95755e-08 4.83119e-08 5.88815e-08 7.16688e-08 8.71392e-08 1.05856e-07 1.28499e-07 1.57956e-07 1.91099e-07 2.31196e-07 2.79707e-07 3.38396e-07 4.19772e-07 8.65718e-07 1.35907e-06 1.90599e-06 1 1 1 1 1 1 1
 1.22125e-15 2.18945e-10 6.97368e-10 1.27618e-09 1.97643e-09 2.82362e-09 3.84857e-09 5.08859e-09 6.58878e-09 8.40376e-09 1.05996e-08 1.32561e-08 1.64701e-08 2.03584e-08 2.50626e-08 3.07538e-08 3.76393e-08 4.59694e-08 5.60475e-08 6.82401e-08 8.29912e-08 1.00837e-07 1.22428e-07 1.5061e-07 1.82212e-07 2.20445e-07 2.667e-07 3.2266e-07 3.90362e-07 7.5001e-07 1.23096e-06 1.76386e-06 1 1 1 1 1 1 1 1
 1.12914e-10 5.69089e-10 1.12098e-09 1.78867e-09 2.59647e-09 3.57375e-09 4.7561e-09 6.18654e-09 7.91711e-09 1.00108e-08 1.25438e-08 1.56083e-08 1.93158e-08 2.38012e-08 2.92278e-08 3.57931e-08 4.37359e-08 5.33452e-08 6.49709e-08 7.9036e-08 9.60522e-08 1.16639e-07 1.41545e-07 1.73739e-07 2.10193e-07 2.54297e-07 3.07655e-07 3.72209e-07 6.37172e-07 1.1061e-06 1.62541e-06 1 1 1 1 1 1 1 1 1
 4.46775e-10 9.73002e-10 1.60965e-09 2.37987e-09 3.31171e-09 4.43908e-09 5.80299e-09 7.45309e-09 9.44942e-09 1.18646e-08 1.47866e-08 1.83217e-08 2.25986e-08 2.77728e-08 3.40327e-08 4.16062e-08 5.07687e-08 6.18537e-08 7.52647e-08 9.14896e-08 1.11119e-07 1.34867e-07 1.65659e-07 2.00419e-07 2.42472e-07 2.93348e-07 3.549e-07 5.2712e-07 9.84385e-07 1.49051e-06 1 1 1 1 1 1 1 1 1 1
 8.31904e-10 1.43894e-09 2.17335e-09 3.06186e-09 4.1368e-09 5.43729e-09 7.01065e-09 8.91415e-09 1.1217e-08 1.40032e-08 1.73739e-08 2.14518e-08 2.63854e-08 3.23543e-08 3.95755e-08 4.83119e-08 5.88815e-08 7.16688e-08 8.71392e-08 1.05856e-07 1.28499e-07 1.57956e-07 1.91099e-07 2.31196e-07 2.79707e-07 3.38396e-07 4.19772e-07 8.65718e-07 1.35907e-06 1.90599e-06 1 1 1 1 1 1 1 1 1 1
 1.27618e-09 1.97643e-09 2.82362e-09 3.84857e-09 5.08859e-09 6.58878e-09 8.40376e-09 1.05996e-08 1.32561e-08 1.64701e-08 2.03584e-08 2.50626e-08 3.07538e-08 3.76393e-08 4.59694e-08 5.60475e-08 6.82401e-08 8.29912e-08 1.00837e-07 1.22428e-07 1.5061e-07 1.82212e-07 2.20445e-07 2.667e-07 3.2266e-07 3.90362e-07 7.5001e-07 1.23096e-06 1.76386e-06 1 1 1 1 1 1 1 1 1 1 1
 1.78867e-09 2.59647e-09 3.57375e-09 4.7561e-09 6.18654e-09 7.91711e-09 1.00108e-08 1.25438e-08 1.56083e-08 1.93158e-08 2.38012e-08 2.92278e-08 3.57931e-08 4.37359e-08 5.33452e-08 6.49709e-08 7.9036e-08 9.60522e-08 1.16639e-07 1.41545e-07 1.73739e-07 2.10193e-07 2.54297e-07 3.07655e-07 3.72209e-07 6.37172e-07 1.1061e-06 1.62541e-06 1 1 1 1 1 1 1 1 1 1 1 1
 2.37987e-09 3.31171e-09 4.43908e-09 5.80299e-09 7.45309e-09 9.44942e-09 1.18646e-08 1.47866e-08 1.83217e-08 2.25986e-08 2.77728e-08 3.40327e-08 4.16062e-08 5.07687e-08 6.18537e-08 7.52647e-08 9.14896e-08 1.11119e-07 1.34867e-07 1.65659e-07 2.00419e-07 2.42472e-07 2.93348e-07 3.549e-07 5.2712e-07 9.84385e-07 1.49051e-06 1 1 1 1 1 1 1 1 1 1 1 1 1
 3.06186e-09 4.1368e-09 5.43729e-09 7.01065e-09 8.91415e-09 1.1217e-08 1.40032e-08 1.73739e-08 2.14518e-08 2.63854e-08 3.23543e-08 3.95755e-08 4.83119e-08 5.88815e-08 7.16688e-08 8.71392e-08 1.05856e-07 1.28499e-07 1.57956e-07 1.91099e-07 2.31196e-07 2.79707e-07 3.38396e-07 4.19772e-07 8.65718e-07 1.35907e-06 1.90599e-06 1 1 1 1 1 1 1 1 1 1 1 1 1
 3.84857e-09 5.08859e-09 6.58878e-09 8.40376e-09 1.05996e-08 1.32561e-08 1.64701e-08 2.03584e-08 2.50626e-08 3.07538e-08 3.76393e-08 4.59694e-08 5.60475e-08 6.82401e-08 8.29912e-08 1.00837e-07 1.22428e-07 1.5061e-07 1.82212e-07 2.20445e-07 2.667e-07 3.2266e-07 3.90362e-07 7.5001e-07 1.23096e-06 1.76386e-06 1 1 1 1 1 1 1 1 1 1 1 1 1 1
 4.7561e-09 6.18654e-09 7.91711e-09 1.00108e-08 1.25438e-08 1.56083e-08 1.93158e-08 2.38012e-08 2.92278e-08 3.57931e-08 4.37359e-08 5.33452e-08 6.49709e-08 7.9036e-08 9.60522e-08 1.16639e-07 1.41545e-07 1.73739e-07 2.10193e-07 2.54297e-07 3.07655e-07 3.72209e-07 6.37172e-07 1.1061e-06 1.62541e-06 1 1 1 1 1 1 1 1 1 1 1 1 1 1 1
 5.80299e-09 7.45309e-09 9.44942e-09 1.18646e-08 1.47866e-08 1.83217e-08 2.25986e-08 2.77728e-08 3.40327e-08 4.16062e-08 5.07687e-08 6.18537e-08 7.52647e-08 9.14896e-08 1.11119e-07 1.34867e-07 1.65659e-07 2.00419e-07 2.42472e-07 2.93348e-07 3.549e-07 5.2712e-07 9.84385e-07 1.49051e-06 1 1 1 1 1 1 1 1 1 1 1 1 1 1 1 1
 7.01065e-09 8.91415e-09 1.1217e-08 1.40032e-08 1.73739e-08 2.14518e-08 2.63854e-08 3.23543e-08 3.95755e-08 4.83119e-08 5.88815e-08 7.16688e-08 8.71392e-08 1.05856e-07 1.28499e-07 1.57956e-07 1.91099e-07 2.31196e-07 2.79707e-07 3.38396e-07 4.19772e-07 8.65718e-07 1.35907e-06 1.90599e-06 1 1 1 1 1 1 1 1 1 1 1 1 1 1 1 1
 8.40376e-09 1.05996e-08 1.32561e-08 1.64701e-08 2.03584e-08 2.50626e-08 3.07538e-08 3.76393e-08 4.59694e-08 5.60475e-08 6.82401e-08 8.29912e-08 1.00837e-07 1.22428e-07 1.5061e-07 1.82212e-07 2.20445e-07 2.667e-07 3.2266e-07 3.90362e-07 7.5001e-07 1.23096e-06 1.76386e-06 1 1 1 1 1 1 1 1 1 1 1 1 1 1 1 1 1
 1.00108e-08 1.25438e-08 1.56083e-08 1.93158e-08 2.38012e-08 2.92278e-08 3.57931e-08 4.37359e-08 5.33452e-08 6.49709e-08 7.9036e-08 9.60522e-08 1.16639e-07 1.41545e-07 1.73739e-07 2.10193e-07 2.54297e-07 3.07655e-07 3.72209e-07 6.37172e-07 1.1061e-06 1.62541e-06 1 1 1 1 1 1 1 1 1 1 1 1 1 1 1 1 1 1
 1.18646e-08 1.47866e-08 1.83217e-08 2.25986e-08 2.77728e-08 3.40327e-08 4.16062e-08 5.07687e-08 6.18537e-08 7.52647e-08 9.14896e-08 1.11119e-07 1.34867e-07 1.65659e-07 2.00419e-07 2.42472e-07 2.93348e-07 3.549e-07 5.2712e-07 9.84385e-07 1.49051e-06 1 1 1 1 1 1 1 1 1 1 1 1 1 1 1 1 1 1 1
 1.40032e-08 1.73739e-08 2.14518e-08 2.63854e-08 3.23543e-08 3.95755e-08 4.83119e-08 5.88815e-08 7.16688e-08 8.71392e-08 1.05856e-07 1.28499e-07 1.57956e-07 1.91099e-07 2.31196e-07 2.79707e-07 3.38396e-07 4.19772e-07 8.65718e-07 1.35907e-06 1.90599e-06 1 1 1 1 1 1 1 1 1 1 1 1 1 1 1 1 1 1 1
 1.64701e-08 2.03584e-08 2.50626e-08 3.07538e-08 3.76393e-08 4.59694e-08 5.60475e-08 6.82401e-08 8.29912e-08 1.00837e-07 1.22428e-07 1.5061e-07 1.82212e-07 2.20445e-07 2.667e-07 3.2266e-07 3.90362e-07 7.5001e-07 1.23096e-06 1.76386e-06 1 1 1 1 1 1 1 1 1 1 1 1 1 1 1 1 1 1 1 1
 1.93158e-08 2.38012e-08 2.92278e-08 3.57931e-08 4.37359e-08 5.33452e-08 6.49709e-08 7.9036e-08 9.60522e-08 1.16639e-07 1.41545e-07 1.73739e-07 2.10193e-07 2.54297e-07 3.07655e-07 3.72209e-07 6.37172e-07 1.1061e-06 1.62541e-06 1 1 1 1 1 1 1 1 1 1 1 1 1 1 1 1 1 1 1 1 1
 2.25986e-08 2.77728e-08 3.40327e-08 4.16062e-08 5.07687e-08 6.18537e-08 7.52647e-08 9.14896e-08 1.11119e-07 1.34867e-07 1.65659e-07 2.00419e-07 2.42472e-07 2.93348e-07 3.549e-07 5.2712e-07 9.84385e-07 1.49051e-06 1 1 1 1 1 1 1 1 1 1 1 1 1 1 1 1 1 1 1 1 1 1
 2.58487e-08 3.17049e-08 3.87899e-08 4.73615e-08 5.77317e-08 7.02777e-08 8.54563e-08 1.0382e-07 1.26036e-07 1.54975e-07 1.87493e-07 2.26834e-07 2.7443e-07 3.32012e-07 4.01676e-07 8.19085e-07 1.30743e-06 1.84869e-06 1 1 1 1 1 1 1 1 1 1 1 1 1 1 1 1 1 1 1 1 1 1
 1.79371e-08 2.21333e-08 2.72099e-08 3.33517e-08 4.07823e-08 4.97719e-08 6.06478e-08 7.38058e-08 8.97246e-08 1.08984e-07 1.32284e-07 1.62534e-07 1.96637e-07 2.37897e-07 2.87814e-07 3.48204e-07 4.83861e-07 9.36558e-07 1.43753e-06 1.99308e-06 1 1 1 1 1 1 1 1 1 1 1 1 1 1 1 1 1 1 1 1
 1.22683e-08 1.52749e-08 1.89125e-08 2.33133e-08 2.86375e-08 3.50789e-08 4.28718e-08 5.22999e-08 6.37062e-08 7.75059e-08 9.42011e-08 1.14399e-07 1.38836e-07 1.70461e-07 2.06228e-07 2.49499e-07 3.01851e-07 3.65187e-07 5.92821e-07 1.05704e-06 1.57103e-06 1 1 1 1 1 1 1 1 1 1 1 1 1 1 1 1 1 1 1
 8.20632e-09 1.03607e-08 1.29671e-08 1.61204e-08 1.99354e-08 2.45508e-08 3.01347e-08 3.68902e-08 4.50632e-08 5.49511e-08 6.69137e-08 8.13864e-08 9.88959e-08 1.20079e-07 1.45707e-07 1.78774e-07 2.16285e-07 2.61668e-07 3.16572e-07 3.82997e-07 7.04535e-07 1.18063e-06 1.70805e-06 1 1 1 1 1 1 1 1 1 1 1 1 1 1 1 1 1
 5.29581e-09 6.83949e-09 8.70707e-09 1.09665e-08 1.37001e-08 1.70072e-08 2.10082e-08 2.58487e-08 3.17049e-08 3.87899e-08 4.73615e-08 5.77317e-08 7.02777e-08 8.54563e-08 1.0382e-07 1.26036e-07 1.54975e-07 1.87493e-07 2.26834e-07 2.7443e-07 3.32012e-07 4.01676e-07 8.19085e-07 1.30743e-06 1.84869e-06 1 1 1 1 1 1 1 1 1 1 1 1 1 1 1
 3.21034e-09 4.31644e-09 5.65462e-09 7.27358e-09 9.23225e-09 1.16019e-08 1.44688e-08 1.79371e-08 2.21333e-08 2.72099e-08 3.33517e-08 4.07823e-08 4.97719e-08 6.06478e-08 7.38058e-08 8.97246e-08 1.08984e-07 1.32284e-07 1.62534e-07 1.96637e-07 2.37897e-07 2.87814e-07 3.48204e-07 4.83861e-07 9.36558e-07 1.43753e-06 1.99308e-06 1 1 1 1 1 1 1 1 1 1 1 1 1
 1.71604e-09 2.50859e-09 3.46744e-09 4.62748e-09 6.03092e-09 7.72885e-09 9.78304e-09 1.22683e-08 1.52749e-08 1.89125e-08 2.33133e-08 2.86375e-08 3.50789e-08 4.28718e-08 5.22999e-08 6.37062e-08 7.75059e-08 9.42011e-08 1.14399e-07 1.38836e-07 1.70461e-07 2.06228e-07 2.49499e-07 3.01851e-07 3.65187e-07 5.92821e-07 1.05704e-06 1.57103e-06 1 1 1 1 1 1 1 1 1 1 1 1
 6.45322e-10 1.21321e-09 1.90026e-09 2.73146e-09 3.73707e-09 4.95369e-09 6.42558e-09 8.20632e-09 1.03607e-08 1.29671e-08 1.61204e-08 1.99354e-08 2.45508e-08 3.01347e-08 3.68902e-08 4.50632e-08 5.49511e-08 6.69137e-08 8.13864e-08 9.88959e-08 1.20079e-07 1.45707e-07 1.78774e-07 2.16285e-07 2.61668e-07 3.16572e-07 3.82997e-07 7.04535e-07 1.18063e-06 1.70805e-06 1 1 1 1 1 1 1 1 1 1
 9.99201e-16 2.8503e-10 7.7732e-10 1.3729e-09 2.09346e-09 2.9652e-09 4.01986e-09 5.29581e-09 6.83949e-09 8.70707e-09 1.09665e-08 1.37001e-08 1.70072e-08 2.10082e-08 2.58487e-08 3.17049e-08 3.87899e-08 4.73615e-08 5.77317e-08 7.02777e-08 8.54563e-08 1.0382e-07 1.26036e-07 1.54975e-07 1.87493e-07 2.26834e-07 2.7443e-07 3.32012e-07 4.01676e-07 8.19085e-07 1.30743e-06 1.84869e-06 1 1 1 1 1 1 1 1
 6.66134e-16 7.77156e-16 9.99201e-16 3.99456e-10 9.15755e-10 1.54039e-09 2.29608e-09 3.21034e-09 4.31644e-09 5.65462e-09 7.27358e-09 9.23225e-09 1.16019e-08 1.44688e-08 1.79371e-08 2.21333e-08 2.72099e-08 3.33517e-08 4.07823e-08 4.97719e-08 6.06478e-08 7.38058e-08 8.97246e-08 1.08984e-07 1.32284e-07 1.62534e-07 1.96637e-07 2.37897e-07 2.87814e-07 3.48204e-07 4.83861e-07 9.36558e-07 1.43753e-06 1.99308e-06 1 1 1 1 1 1
 4.44089e-16 5.55112e-16 6.66134e-16 8.88178e-16 7.18947e-11 5.19463e-10 1.06094e-09 1.71604e-09 2.50859e-09 3.46744e-09 4.62748e-09 6.03092e-09 7.72885e-09 9.78304e-09 1.22683e-08 1.52749e-08 1.89125e-08 2.33133e-08 2.86375e-08 3.50789e-08 4.28718e-08 5.22999e-08 6.37062e-08 7.75059e-08 9.42011e-08 1.14399e-07 1.38836e-07 1.70461e-07 2.06228e-07 2.49499e-07 3.01851e-07 3.65187e-07 5.92821e-07 1.05704e-06 1.57103e-06 1 1 1 1 1
 2.22045e-16 3.33067e-16 4.44089e-16 5.55112e-16 7.77156e-16 8.88178e-16 1.75926e-10 6.45322e-10 1.21321e-09 1.90026e-09 2.73146e-09 3.73707e-09 4.95369e-09 6.42558e-09 8.20632e-09 1.03607e-08 1.29671e-08 1.61204e-08 1.99354e-08 2.45508e-08 3.01347e-08 3.68902e-08 4.50632e-08 5.49511e-08 6.69137e-08 8.13864e-08 9.88959e-08 1.20079e-07 1.45707e-07 1.78774e-07 2.16285e-07 2.61668e-07 3.16572e-07 3.82997e-07 7.04535e-07 1.18063e-06 1.70805e-06 1 1 1
 1.11022e-16 1.11022e-16 2.22045e-16 3.33067e-16 4.44089e-16 5.55112e-16 7.77156e-16 9.99201e-16 2.8503e-10 7.7732e-10 1.3729e-09 2.09346e-09 2.9652e-09 4.01986e-09 5.29581e-09 6.83949e-09 8.70707e-09 1.09665e-08 1.37001e-08 1.70072e-08 2.10082e-08 2.58487e-08 3.17049e-08 3.87899e-08 4.73615e-08 5.77317e-08 7.02777e-08 8.54563e-08 1.0382e-07 1.26036e-07 1.54975e-07 1.87493e-07 2.26834e-07 2.7443e-07 3.32012e-07 4.01676e-07 8.19085e-07 1.30743e-06 1.84869e-06 1
 0 0 1.11022e-16 2.22045e-16 2.22045e-16 3.33067e-16 4.44089e-16 6.66134e-16 7.77156e-16 9.99201e-16 3.99456e-10 9.15755e-10 1.54039e-09 2.29608e-09 3.21034e-09 4.31644e-09 5.65462e-09 7.27358e-09 9.23225e-09 1.16019e-08 1.44688e-08 1.79371e-08 2.21333e-08 2.72099e-08 3.33517e-08 4.07823e-08 4.97719e-08 6.06478e-08 7.38058e-08 8.97246e-08 1.08984e-07 1.32284e-07 1.62534e-07 1.96637e-07 2.37897e-07 2.87814e-07 3.48204e-07 4.83861e-07 9.36558e-07 1.43753e-06
 0 0 0 1.11022e-16 1.11022e-16 2.22045e-16 3.33067e-16 4.44089e-16 5.55112e-16 6.66134e-16 8.88178e-16 7.18947e-11 5.19463e-10 1.06094e-09 1.71604e-09 2.50859e-09 3.46744e-09 4.62748e-09 6.03092e-09 7.72885e-09 9.78304e-09 1.22683e-08 1.52749e-08 1.89125e-08 2.33133e-08 2.86375e-08 3.50789e-08 4.28718e-08 5.22999e-08 6.37062e-08 7.75059e-08 9.42011e-08 1.14399e-07 1.38836e-07 1.70461e-07 2.06228e-07 2.49499e-07 3.01851e-07 3.65187e-07 5.92821e-07
 0 0 0 0 0 1.11022e-16 1.11022e-16 2.22045e-16 3.33067e-16 4.44089e-16 5.55112e-16 7.77156e-16 8.88178e-16 1.75926e-10 6.45322e-10 1.21321e-09 1.90026e-09 2.73146e-09 3.73707e-09 4.95369e-09 6.42558e-09 8.20632e-09 1.03607e-08 1.29671e-08 1.61204e-08 1.99354e-08 2.45508e-08 3.01347e-08 3.68902e-08 4.50632e-08 5.49511e-08 6.69137e-08 8.13864e-08 9.88959e-08 1.20079e-07 1.45707e-07 1.78774e-07 2.16285e-07 2.61668e-07 3.16572e-07
 0 0 0 0 0 0 0 1.11022e-16 1.11022e-16 2.22045e-16 3.33067e-16 4.44089e-16 5.55112e-16 7.77156e-16 9.99201e-16 2.8503e-10 7.7732e-10 1.3729e-09 2.09346e-09 2.9652e-09 4.01986e-09 5.29581e-09 6.83949e-09 8.70707e-09 1.09665e-08 1.37001e-08 1.70072e-08 2.10082e-08 2.58487e-08 3.17049e-08 3.87899e-08 4.73615e-08 5.77317e-08 7.02777e-08 8.54563e-08 1.0382e-07 1.26036e-07 1.54975e-07 1.87493e-07 2.26834e-07
 0 0 0 0 0 0 0 0 0 1.11022e-16 2.22045e-16 2.22045e-16 3.33067e-16 4.44089e-16 6.66134e-16 7.77156e-16 9.99201e-16 3.99456e-10 9.15755e-10 1.54039e-09 2.29608e-09 3.21034e-09 4.31644e-09 5.65462e-09 7.27358e-09 9.23225e-09 1.16019e-08 1.44688e-08 1.79371e-08 2.21333e-08 2.72099e-08 3.33517e-08 4.07823e-08 4.97719e-08 6.06478e-08 7.38058e-08 8.97246e-08 1.08984e-07 1.32284e-07 1.62534e-07
 0 0 0 0 0 0 0 0 0 0 1.11022e-16 1.11022e-16 2.22045e-16 3.33067e-16 4.44089e-16 5.55112e-16 6.66134e-16 8.88178e-16 1.12914e-10 5.69089e-10 1.12098e-09 1.78867e-09 2.59647e-09 3.57375e-09 4.7561e-09 6.18654e-09 7.91711e-09 1.00108e-08 1.25438e-08 1.56083e-08 1.93158e-08 2.38012e-08 2.92278e-08 3.57931e-08 4.37359e-08 5.33452e-08 6.49709e-08 7.9036e-08 9.60522e-08 1.16639e-07
 0 0 0 0 0 0 0 0 0 1.11022e-16 1.11022e-16 2.22045e-16 3.33067e-16 3.33067e-16 5.55112e-16 6.66134e-16 8.88178e-16 1.18129e-11 4.46774e-10 9.73002e-10 1.60965e-09 2.37987e-09 3.31171e-09 4.43908e-09 5.80299e-09 7.45309e-09 9.44942e-09 1.18646e-08 1.47866e-08 1.83217e-08 2.25986e-08 2.77728e-08 3.40327e-08 4.16062e-08 5.07687e-08 6.18537e-08 7.52647e-08 9.14896e-08 1.11119e-07 1
 0 0 0 0 0 0 0 0 0 1.11022e-16 2.22045e-16 2.22045e-16 3.33067e-16 4.44089e-16 6.66134e-16 7.77156e-16 9.99201e-16 3.30148e-10 8.31904e-10 1.43894e-09 2.17335e-09 3.06186e-09 4.1368e-09 5.43729e-09 7.01065e-09 8.91415e-09 1.1217e-08 1.40032e-08 1.73739e-08 2.14518e-08 2.63854e-08 3.23543e-08 3.95755e-08 4.83119e-08 5.88815e-08 7.16688e-08 8.71392e-08 1.05856e-07 1.28499e-07 1
 0 0 0 0 0 0 0 0 1.11022e-16 1.11022e-16 2.22045e-16 3.33067e-16 4.44089e-16 5.55112e-16 7.77156e-16 9.99201e-16 2.18945e-10 6.97368e-10 1.27618e-09 1.97643e-09 2.82362e-09 3.84857e-09 5.08859e-09 6.58878e-09 8.40376e-09 1.05996e-08 1.32561e-08 1.64701e-08 2.03584e-08 2.50626e-08 3.07538e-08 3.76393e-08 4.59694e-08 5.60475e-08 6.82401e-08 8.29912e-08 1.00837e-07 1.22428e-07 1 1
 0 0 0 0 0 0 0 1.11022e-16 1.11022e-16 2.22045e-16 3.33067e-16 4.44089e-16 5.55112e-16 6.66134e-16 8.88178e-16 1.12914e-10 5.69089e-10 1.12098e-09 1.78867e-09 2.59647e-09 3.57375e-09 4.7561e-09 6.18654e-09 7.91711e-09 1.00108e-08 1.25438e-08 1.56083e-08 1.93158e-08 2.38012e-08 2.92278e-08 3.57931e-08 4.37359e-08 5.33452e-08 6.49709e-08 7.9036e-08 9.60522e-08 1.16639e-07 1 1 1
 0 0 0 0 0 0 1.11022e-16 1.11022e-16 2.22045e-16 3.33067e-16 3.33067e-16 5.55112e-16 6.66134e-16 8.88178e-16 1.18129e-11 4.46774e-10 9.73002e-10 1.60965e-09 2.37987e-09 3.31171e-09 4.43908e-09 5.80299e-09 7.45309e-09 9.44942e-09 1.18646e-08 1.47866e-08 1.83217e-08 2.25986e-08 2.77728e-08 3.40327e-08 4.16062e-08 5.07687e-08 6.18537e-08 7.52647e-08 9.14896e-08 1.11119e-07 1 1 1 1
 0 0 0 0 0 0 1.11022e-16 2.22045e-16 2.22045e-16 3.33067e-16 4.44089e-16 6.66134e-16 7.77156e-16 9.99201e-16 3.30148e-10 8.31904e-10 1.43894e-09 2.17335e-09 3.06186e-09 4.1368e-09 5.43729e-09 7.01065e-09 8.91415e-09 1.1217e-08 1.40032e-08 1.73739e-08 2.14518e-08 2.63854e-08 3.23543e-08 3.95755e-08 4.83119e-08 5.88815e-08 7.16688e-08 8.71392e-08 1.05856e-07 1.28499e-07 1 1 1 1
 0 0 0 0 0 1.11022e-16 1.11022e-16 2.22045e-16 3.33067e-16 4.44089e-16 5.55112e-16 7.77156e-16 9.99201e-16 2.18945e-10 6.97368e-10 1.27618e-09 1.97643e-09 2.82362e-09 3.84857e-09 5.08859e-09 6.58878e-09 8.40376e-09 1.05996e-08 1.32561e-08 1.64701e-08 2.03584e-08 2.50626e-08 3.07538e-08 3.76393e-08 4.59694e-08 5.60475e-08 6.82401e-08 8.29912e-08 1.00837e-07 1.22428e-07 1 1 1 1 1
 0 0 0 0 1.11022e-16 1.11022e-16 2.22045e-16 3.33067e-16 4.44089e-16 5.55112e-16 6.66134e-16 8.88178e-16 1.12914e-10 5.69089e-10 1.12098e-09 1.78867e-09 2.59647e-09 3.57375e-09 4.7561e-09 6.18654e-09 7.91711e-09 1.00108e-08 1.25438e-08 1.56083e-08 1.93158e-08 2.38012e-08 2.92278e-08 3.57931e-08 4.37359e-08 5.33452e-08 6.49709e-08 7.9036e-08 9.60522e-08 1.16639e-07 1 1 1 1 1 1
 0 0 0 1.11022e-16 1.11022e-16 2.22045e-16 3.33067e-16 3.33067e-16 5.55112e-16 6.66134e-16 8.88178e-16 1.18129e-11 4.46774e-10 9.73002e-10 1.60965e-09 2.37987e-09 3.31171e-09 4.43908e-09 5.80299e-09 7.45309e-09 9.44942e-09 1.18646e-08 1.47866e-08 1.83217e-08 2.25986e-08 2.77728e-08 3.40327e-08 4.16062e-08 5.07687e-08 6.18537e-08 7.52647e-08 9.14896e-08 1.11119e-07 1 1 1 1 1 1 1
 0 0 0 1.11022e-16 2.22045e-16 2.22045e-16 3.33067e-16 4.44089e-16 6.66134e-16 7.77156e-16 9.99201e-16 3.30148e-10 8.31904e-10 1.43894e-09 2.17335e-09 3.06186e-09 4.1368e-09 5.43729e-09 7.01065e-09 8.91415e-09 1.1217e-08 1.40032e-08 1.73739e-08 2.14518e-08 2.63854e-08 3.23543e-08 3.95755e-08 4.83119e-08 5.88815e-08 7.16688e-08 8.71392e-08 1.05856e-07 1.28499e-07 1 1 1 1 1 1 1
 0 0 1.11022e-16 1.11022e-16 2.22045e-16 3.33067e-16 4.44089e-16 5.55112e-16 7.77156e-16 9.99201e-16 2.18945e-10 6.97368e-10 1.27618e-09 1.97643e-09 2.82362e-09 3.84857e-09 5.08859e-09 6.58878e-09 8.40376e-09 1.05996e-08 1.32561e-08 1.64701e-08 2.03584e-08 2.50626e-08 3.07538e-08 3.76393e-08 4.59694e-08 5.60475e-08 6.82401e-08 8.29912e-08 1.00837e-07 1.22428e-07 1 1 1 1 1 1 1 1
 0 1.11022e-16 1.11022e-16 2.22045e-16 3.33067e-16 4.44089e-16 5.55112e-16 6.66134e-16 8.88178e-16 1.12914e-10 5.69089e-10 1.12098e-09 1.78867e-09 2.59647e-09 3.57375e-09 4.7561e-09 6.18654e-09 7.91711e-09 1.00108e-08 1.25438e-08 1.56083e-08 1.93158e-08 2.38012e-08 2.92278e-08 3.57931e-08 4.37359e-08 5.33452e-08 6.49709e-08 7.9036e-08 9.60522e-08 1.16639e-07 1 1 1 1 1 1 1 1 1
 1.11022e-16 1.11022e-16 2.22045e-16 3.33067e-16 3.33067e-16 5.55112e-16 6.66134e-16 8.88178e-16 1.18129e-11 4.46774e-10 9.73002e-10 1.60965e-09 2.37987e-09 3.31171e-09 4.43908e-09 5.80299e-09 7.45309e-09 9.44942e-09 1.18646e-08 1.47866e-08 1.83217e-08 2.25986e-08 2.77728e-08 3.40327e-08 4.16062e-08 5.07687e-08 6.18537e-08 7.52647e-08 9.14896e-08 1.11119e-07 1 1 1 1 1 1 1 1 1 1
 1.11022e-16 2.22045e-16 2.22045e-16 3.33067e-16 4.44089e-16 6.66134e-16 7.77156e-16 9.99201e-16 3.30148e-10 8.31904e-10 1.43894e-09 2.17335e-09 3.06186e-09 4.1368e-09 5.43729e-09 7.01065e-09 8.91415e-09 1.1217e-08 1.40032e-08 1.73739e-08 2.14518e-08 2.63854e-08 3.23543e-08 3.95755e-08 4.83119e-08 5.88815e-08 7.16688e-08 8.71392e-08 1.05856e-07 1.28499e-07 1 1 1 1 1 1 1 1 1 1
 1.11022e-16 2.22045e-16 3.33067e-16 4.44089e-16 5.55112e-16 7.77156e-16 9.99201e-16 2.18945e-10 6.97368e-10 1.27618e-09 1.97643e-09 2.82362e-09 3.84857e-09 5.08859e-09 6.58878e-09 8.40376e-09 1.05996e-08 1.32561e-08 1.64701e-08 2.03584e-08 2.50626e-08 3.07538e-08 3.76393e-08 4.59694e-08 5.60475e-08 6.82401e-08 8.29912e-08 1.00837e-07 1.22428e-07 1 1 1 1 1 1 1 1 1 1 1
 2.22045e-16 3.33067e-16 4.44089e-16 5.55112e-16 6.66134e-16 8.88178e-16 1.12914e-10 5.69089e-10 1.12098e-09 1.78867e-09 2.59647e-09 3.57375e-09 4.7561e-09 6.18654e-09 7.91711e-09 1.00108e-08 1.25438e-08 1.56083e-08 1.93158e-08 2.38012e-08 2.92278e-08 3.57931e-08 4.37359e-08 5.33452e-08 6.49709e-08 7.9036e-08 9.60522e-08 1.16639e-07 1 1 1 1 1 1 1 1 1 1 1 1
 3.33067e-16 3.33067e-16 5.55112e-16 6.66134e-16 8.88178e-16 1.18129e-11 4.46774e-10 9.73002e-10 1.60965e-09 2.37987e-09 3.31171e-09 4.43908e-09 5.80299e-09 7.45309e-09 9.44942e-09 1.18646e-08 1.47866e-08 1.83217e-08 2.25986e-08 2.77728e-08 3.40327e-08 4.16062e-08 5.07687e-08 6.18537e-08 7.52647e-08 9.14896e-08 1.11119e-07 1 1 1 1 1 1 1 1 1 1 1 1 1
 3.33067e-16 4.44089e-16 6.66134e-16 7.77156e-16 9.99201e-16 3.30148e-10 8.31904e-10 1.43894e-09 2.17335e-09 3.06186e-09 4.1368e-09 5.43729e-09 7.01065e-09 8.91415e-09 1.1217e-08 1.40032e-08 1.73739e-08 2.14518e-08 2.63854e-08 3.23543e-08 3.95755e-08 4.83119e-08 5.88815e-08 7.16688e-08 8.71392e-08 1.05856e-07 1.28499e-07 1 1 1 1 1 1 1 1 1 1 1 1 1
 4.44089e-16 5.55112e-16 7.77156e-16 9.99201e-16 2.18945e-10 6.97368e-10 1.27618e-09 1.97643e-09 2.82362e-09 3.84857e-09 5.08859e-09 6.58878e-09 8.40376e-09 1.05996e-08 1.32561e-08 1.64701e-08 2.03584e-08 2.50626e-08 3.07538e-08 3.76393e-08 4.59694e-08 5.60475e-08 6.82401e-08 8.29912e-08 1.00837e-07 1.22428e-07 1 1 1 1 1 1 1 1 1 1 1 1 1 1
 5.55112e-16 6.66134e-16 8.88178e-16 1.12914e-10 5.69089e-10 1.12098e-09 1.78867e-09 2.59647e-09 3.57375e-09 4.7561e-09 6.18654e-09 7.91711e-09 1.00108e-08 1.25438e-08 1.56083e-08 1.93158e-08 2.38012e-08 2.92278e-08 3.57931e-08 4.37359e-08 5.33452e-08 6.49709e-08 7.9036e-08 9.60522e-08 1.16639e-07 1 1 1 1 1 1 1 1 1 1 1 1 1 1 1
 6.66134e-16 8.88178e-16 1.18129e-11 4.46774e-10 9.73002e-10 1.60965e-09 2.37987e-09 3.31171e-09 4.43908e-09 5.80299e-09 7.45309e-09 9.44942e-09 1.18646e-08 1.47866e-08 1.83217e-08 2.25986e-08 2.77728e-08 3.40327e-08 4.16062e-08 5.07687e-08 6.18537e-08 7.52647e-08 9.14896e-08 1.11119e-07 1 1 1 1 1 1 1 1 1 1 1 1 1 1 1 1
 7.77156e-16 9.99201e-16 3.30148e-10 8.31904e-10 1.43894e-09 2.17335e-09 3.06186e-09 4.1368e-09 5.43729e-09 7.01065e-09 8.91415e-09 1.1217e-08 1.40032e-08 1.73739e-08 2.14518e-08 2.63854e-08 3.23543e-08 3.95755e-08 4.83119e-08 5.88815e-08 7.16688e-08 8.71392e-08 1.05856e-07 1.28499e-07 1 1 1 1 1 1 1 1 1 1 1 1 1 1 1 1
 9.99201e-16 2.18945e-10 6.97368e-10 1.27618e-09 1.97643e-09 2.82362e-09 3.84857e-09 5.08859e-09 6.58878e-09 8.40376e-09 1.05996e-08 1.32561e-08 1.64701e-08 2.03584e-08 2.50626e-08 3.07538e-08 3.76393e-08 4.59694e-08 5.60475e-08 6.82401e-08 8.29912e-08 1.00837e-07 1.22428e-07 1 1 1 1 1 1 1 1 1 1 1 1 1 1 1 1 1
 1.12914e-10 5.69089e-10 1.12098e-09 1.78867e-09 2.59647e-09 3.57375e-09 4.7561e-09 6.18654e-09 7.91711e-09 1.00108e-08 1.25438e-08 1.56083e-08 1.93158e-08 2.38012e-08 2.92278e-08 3.57931e-08 4.37359e-08 5.33452e-08 6.49709e-08 7.9036e-08 9.60522e-08 1.16639e-07 1 1 1 1 1 1 1 1 1 1 1 1 1 1 1 1 1 1
 4.46774e-10 9.73002e-10 1.60965e-09 2.37987e-09 3.31171e-09 4.43908e-09 5.80299e-09 7.45309e-09 9.44942e-09 1.18646e-08 1.47866e-08 1.83217e-08 2.25986e-08 2.77728e-08 3.40327e-08 4.16062e-08 5.07687e-08 6.18537e-08 7.52647e-08 9.14896e-08 1.11119e-07 1 1 1 1 1 1 1 1 1 1 1 1 1 1 1 1 1 1 1
 8.31904e-10 1.43894e-09 2.17335e-09 3.06186e-09 4.1368e-09 5.43729e-09 7.01065e-09 8.91415e-09 1.1217e-08 1.40032e-08 1.73739e-08 2.14518e-08 2.63854e-08 3.23543e-08 3.95755e-08 4.83119e-08 5.88815e-08 7.16688e-08 8.71392e-08 1.05856e-07 1.28499e-07 1 1 1 1 1 1 1 1 1 1 1 1 1 1 1 1 1 1 1
 1.27618e-09 1.97643e-09 2.82362e-09 3.84857e-09 5.08859e-09 6.58878e-09 8.40376e-09 1.05996e-08 1.32561e-08 1.64701e-08 2.03584e-08 2.50626e-08 3.07538e-08 3.76393e-08 4.59694e-08 5.60475e-08 6.82401e-08 8.29912e-08 1.00837e-07 1.22428e-07 1 1 1 1 1 1 1 1 1 1 1 1 1 1 1 1 1 1 1 1
 1.78867e-09 2.59647e-09 3.57375e-09 4.7561e-09 6.18654e-09 7.91711e-09 1.00108e-08 1.25438e-08 1.56083e-08 1.93158e-08 2.38012e-08 2.92278e-08 3.57931e-08 4.37359e-08 5.33452e-08 6.49709e-08 7.9036e-08 9.60522e-08 1.16639e-07 1 1 1 1 1 1 1 1 1 1 1 1 1 1 1 1 1 1 1 1 1
 2.37987e-09 3.31171e-09 4.43908e-09 5.80299e-09 7.45309e-09 9.44942e-09 1.18646e-08 1.47866e-08 1.83217e-08 2.25986e-08 2.77728e-08 3.40327e-08 4.16062e-08 5.07687e-08 6.18537e-08 7.52647e-08 9.14896e-08 1.11119e-07 1 1 1 1 1 1 1 1 1 1 1 1 1 1 1 1 1 1 1 1 1 1
 2.9652e-09 4.01986e-09 5.29581e-09 6.83949e-09 8.70707e-09 1.09665e-08 1.37001e-08 1.70072e-08 2.10082e-08 2.58487e-08 3.17049e-08 3.87899e-08 4.73615e-08 5.77317e-08 7.02777e-08 8.54563e-08 1.0382e-07 1.26036e-07 1 1 1 1 1 1 1 1 1 1 1 1 1 1 1 1 1 1 1 1 1 1
 1.54039e-09 2.29608e-09 3.21034e-09 4.31644e-09 5.65462e-09 7.27358e-09 9.23225e-09 1.16019e-08 1.44688e-08 1.79371e-08 2.21333e-08 2.72099e-08 3.33517e-08 4.07823e-08 4.97719e-08 6.06478e-08 7.38058e-08 8.97246e-08 1.08984e-07 1.32284e-07 1 1 1 1 1 1 1 1 1 1 1 1 1 1 1 1 1 1 1 1
 5.19463e-10 1.06094e-09 1.71604e-09 2.50859e-09 3.46744e-09 4.62748e-09 6.03092e-09 7.72885e-09 9.78304e-09 1.22683e-08 1.52749e-08 1.89125e-08 2.33133e-08 2.86375e-08 3.50789e-08 4.28718e-08 5.22999e-08 6.37062e-08 7.75059e-08 9.42011e-08 1.14399e-07 1 1 1 1 1 1 1 1 1 1 1 1 1 1 1 1 1 1 1
 8.88178e-16 1.75926e-10 6.45322e-10 1.21321e-09 1.90026e-09 2.73146e-09 3.73707e-09 4.95369e-09 6.42558e-09 8.20632e-09 1.03607e-08 1.29671e-08 1.61204e-08 1.99354e-08 2.45508e-08 3.01347e-08 3.68902e-08 4.50632e-08 5.49511e-08 6.69137e-08 8.13864e-08 9.88959e-08 1.20079e-07 1 1 1 1 1 1 1 1 1 1 1 1 1 1 1 1 1
 5.55112e-16 7.77156e-16 9.99201e-16 2.8503e-10 7.7732e-10 1.3729e-09 2.09346e-09 2.9652e-09 4.01986e-09 5.29581e-09 6.83949e-09 8.70707e-09 1.09665e-08 1.37001e-08 1.70072e-08 2.10082e-08 2.58487e-08 3.17049e-08 3.87899e-08 4.73615e-08 5.77317e-08 7.02777e-08 8.54563e-08 1.0382e-07 1.26036e-07 1 1 1 1 1 1 1 1 1 1 1 1 1 1 1
 3.33067e-16 4.44089e-16 6.66134e-16 7.77156e-16 9.99201e-16 3.99456e-10 9.15755e-10 1.54039e-09 2.29608e-09 3.21034e-09 4.31644e-09 5.65462e-09 7.27358e-09 9.23225e-09 1.16019e-08 1.44688e-08 1.79371e-08 2.21333e-08 2.72099e-08 3.33517e-08 4.07823e-08 4.97719e-08 6.06478e-08 7.38058e-08 8.97246e-08 1.08984e-07 1.32284e-07 1 1 1 1 1 1 1 1 1 1 1 1 1
 2.22045e-16 3.33067e-16 4.44089e-16 5.55112e-16 6.66134e-16 8.88178e-16 7.18947e-11 5.19463e-10 1.06094e-09 1.71604e-09 2.50859e-09 3.46744e-09 4.62748e-09 6.03092e-09 7.72885e-09 9.78304e-09 1.22683e-08 1.52749e-08 1.89125e-08 2.33133e-08 2.86375e-08 3.50789e-08 4.28718e-08 5.22999e-08 6.37062e-08 7.75059e-08 9.42011e-08 1.14399e-07 1 1 1 1 1 1 1 1 1 1 1 1
 1.11022e-16 1.11022e-16 2.22045e-16 3.33067e-16 4.44089e-16 5.55112e-16 7.77156e-16 8.88178e-16 1.75926e-10 6.45322e-10 1.21321e-09 1.90026e-09 2.73146e-09 3.73707e-09 4.95369e-09 6.42558e-09 8.20632e-09 1.03607e-08 1.29671e-08 1.61204e-08 1.99354e-08 2.45508e-08 3.01347e-08 3.68902e-08 4.50632e-08 5.49511e-08 6.69137e-08 8.13864e-08 9.88959e-08 1.20079e-07 1 1 1 1 1 1 1 1 1 1
